2024-01-06 22:28:51,058 - root - DEBUG - accessing data from rabv_animal
2024-01-06 22:28:51,058 - root - DEBUG - opening file
2024-01-06 22:28:51,070 - root - INFO - file opened
2024-01-06 22:28:51,072 - root - INFO - Initializing a rabies analyzer object
2024-01-06 22:28:51,073 - root - WARNING - Invalid year in data for India on line 92
2024-01-06 22:28:51,073 - root - WARNING - Invalid year in data for Indonesia on line 100
2024-01-06 22:28:51,074 - root - WARNING - Invalid year in data for Myanmar on line 141
2024-01-06 22:28:51,075 - root - INFO - Processed 217 lines and created 410 RabiesInfo objects
2024-01-06 22:28:51,076 - root - DEBUG - opening file
2024-01-06 22:28:51,077 - root - INFO - file opened
2024-01-06 22:28:51,131 - PIL.PngImagePlugin - DEBUG - STREAM b'IHDR' 16 13
2024-01-06 22:28:51,131 - PIL.PngImagePlugin - DEBUG - STREAM b'sBIT' 41 4
2024-01-06 22:28:51,131 - PIL.PngImagePlugin - DEBUG - b'sBIT' 41 4 (unknown)
2024-01-06 22:28:51,132 - PIL.PngImagePlugin - DEBUG - STREAM b'pHYs' 57 9
2024-01-06 22:28:51,132 - PIL.PngImagePlugin - DEBUG - STREAM b'IDAT' 78 374
2024-01-06 22:28:51,134 - PIL.PngImagePlugin - DEBUG - STREAM b'IHDR' 16 13
2024-01-06 22:28:51,135 - PIL.PngImagePlugin - DEBUG - STREAM b'sBIT' 41 4
2024-01-06 22:28:51,135 - PIL.PngImagePlugin - DEBUG - b'sBIT' 41 4 (unknown)
2024-01-06 22:28:51,135 - PIL.PngImagePlugin - DEBUG - STREAM b'pHYs' 57 9
2024-01-06 22:28:51,135 - PIL.PngImagePlugin - DEBUG - STREAM b'IDAT' 78 286
2024-01-06 22:28:51,136 - PIL.PngImagePlugin - DEBUG - STREAM b'IHDR' 16 13
2024-01-06 22:28:51,136 - PIL.PngImagePlugin - DEBUG - STREAM b'sBIT' 41 4
2024-01-06 22:28:51,136 - PIL.PngImagePlugin - DEBUG - b'sBIT' 41 4 (unknown)
2024-01-06 22:28:51,136 - PIL.PngImagePlugin - DEBUG - STREAM b'pHYs' 57 9
2024-01-06 22:28:51,136 - PIL.PngImagePlugin - DEBUG - STREAM b'IDAT' 78 263
2024-01-06 22:28:51,137 - PIL.PngImagePlugin - DEBUG - STREAM b'IHDR' 16 13
2024-01-06 22:28:51,138 - PIL.PngImagePlugin - DEBUG - STREAM b'sBIT' 41 4
2024-01-06 22:28:51,138 - PIL.PngImagePlugin - DEBUG - b'sBIT' 41 4 (unknown)
2024-01-06 22:28:51,138 - PIL.PngImagePlugin - DEBUG - STREAM b'pHYs' 57 9
2024-01-06 22:28:51,138 - PIL.PngImagePlugin - DEBUG - STREAM b'IDAT' 78 387
2024-01-06 22:28:51,139 - PIL.PngImagePlugin - DEBUG - STREAM b'IHDR' 16 13
2024-01-06 22:28:51,139 - PIL.PngImagePlugin - DEBUG - STREAM b'sBIT' 41 4
2024-01-06 22:28:51,139 - PIL.PngImagePlugin - DEBUG - b'sBIT' 41 4 (unknown)
2024-01-06 22:28:51,139 - PIL.PngImagePlugin - DEBUG - STREAM b'pHYs' 57 9
2024-01-06 22:28:51,139 - PIL.PngImagePlugin - DEBUG - STREAM b'IDAT' 78 436
2024-01-06 22:28:51,140 - PIL.PngImagePlugin - DEBUG - STREAM b'IHDR' 16 13
2024-01-06 22:28:51,140 - PIL.PngImagePlugin - DEBUG - STREAM b'sBIT' 41 4
2024-01-06 22:28:51,140 - PIL.PngImagePlugin - DEBUG - b'sBIT' 41 4 (unknown)
2024-01-06 22:28:51,140 - PIL.PngImagePlugin - DEBUG - STREAM b'pHYs' 57 9
2024-01-06 22:28:51,140 - PIL.PngImagePlugin - DEBUG - STREAM b'IDAT' 78 351
2024-01-06 22:28:51,141 - PIL.PngImagePlugin - DEBUG - STREAM b'IHDR' 16 13
2024-01-06 22:28:51,141 - PIL.PngImagePlugin - DEBUG - STREAM b'sBIT' 41 4
2024-01-06 22:28:51,141 - PIL.PngImagePlugin - DEBUG - b'sBIT' 41 4 (unknown)
2024-01-06 22:28:51,141 - PIL.PngImagePlugin - DEBUG - STREAM b'pHYs' 57 9
2024-01-06 22:28:51,141 - PIL.PngImagePlugin - DEBUG - STREAM b'IDAT' 78 364
2024-01-06 22:28:51,143 - matplotlib.font_manager - DEBUG - findfont: Matching sans\-serif:style=normal:variant=normal:weight=normal:stretch=normal:size=10.0.
2024-01-06 22:28:51,143 - matplotlib.font_manager - DEBUG - findfont: score(FontEntry(fname='/home/zfrancis/.local/lib/python3.8/site-packages/matplotlib/mpl-data/fonts/ttf/cmb10.ttf', name='cmb10', style='normal', variant='normal', weight=400, stretch='normal', size='scalable')) = 10.05
2024-01-06 22:28:51,144 - matplotlib.font_manager - DEBUG - findfont: score(FontEntry(fname='/home/zfrancis/.local/lib/python3.8/site-packages/matplotlib/mpl-data/fonts/ttf/DejaVuSerif-BoldItalic.ttf', name='DejaVu Serif', style='italic', variant='normal', weight=700, stretch='normal', size='scalable')) = 11.335
2024-01-06 22:28:51,144 - matplotlib.font_manager - DEBUG - findfont: score(FontEntry(fname='/home/zfrancis/.local/lib/python3.8/site-packages/matplotlib/mpl-data/fonts/ttf/STIXGeneralItalic.ttf', name='STIXGeneral', style='italic', variant='normal', weight=400, stretch='normal', size='scalable')) = 11.05
2024-01-06 22:28:51,144 - matplotlib.font_manager - DEBUG - findfont: score(FontEntry(fname='/home/zfrancis/.local/lib/python3.8/site-packages/matplotlib/mpl-data/fonts/ttf/STIXGeneral.ttf', name='STIXGeneral', style='normal', variant='normal', weight=400, stretch='normal', size='scalable')) = 10.05
2024-01-06 22:28:51,144 - matplotlib.font_manager - DEBUG - findfont: score(FontEntry(fname='/home/zfrancis/.local/lib/python3.8/site-packages/matplotlib/mpl-data/fonts/ttf/STIXNonUniIta.ttf', name='STIXNonUnicode', style='italic', variant='normal', weight=400, stretch='normal', size='scalable')) = 11.05
2024-01-06 22:28:51,144 - matplotlib.font_manager - DEBUG - findfont: score(FontEntry(fname='/home/zfrancis/.local/lib/python3.8/site-packages/matplotlib/mpl-data/fonts/ttf/STIXSizFourSymBol.ttf', name='STIXSizeFourSym', style='normal', variant='normal', weight=700, stretch='normal', size='scalable')) = 10.335
2024-01-06 22:28:51,144 - matplotlib.font_manager - DEBUG - findfont: score(FontEntry(fname='/home/zfrancis/.local/lib/python3.8/site-packages/matplotlib/mpl-data/fonts/ttf/DejaVuSansDisplay.ttf', name='DejaVu Sans Display', style='normal', variant='normal', weight=400, stretch='normal', size='scalable')) = 10.05
2024-01-06 22:28:51,145 - matplotlib.font_manager - DEBUG - findfont: score(FontEntry(fname='/home/zfrancis/.local/lib/python3.8/site-packages/matplotlib/mpl-data/fonts/ttf/STIXNonUniBolIta.ttf', name='STIXNonUnicode', style='italic', variant='normal', weight=700, stretch='normal', size='scalable')) = 11.335
2024-01-06 22:28:51,145 - matplotlib.font_manager - DEBUG - findfont: score(FontEntry(fname='/home/zfrancis/.local/lib/python3.8/site-packages/matplotlib/mpl-data/fonts/ttf/STIXNonUni.ttf', name='STIXNonUnicode', style='normal', variant='normal', weight=400, stretch='normal', size='scalable')) = 10.05
2024-01-06 22:28:51,145 - matplotlib.font_manager - DEBUG - findfont: score(FontEntry(fname='/home/zfrancis/.local/lib/python3.8/site-packages/matplotlib/mpl-data/fonts/ttf/STIXSizTwoSymBol.ttf', name='STIXSizeTwoSym', style='normal', variant='normal', weight=700, stretch='normal', size='scalable')) = 10.335
2024-01-06 22:28:51,145 - matplotlib.font_manager - DEBUG - findfont: score(FontEntry(fname='/home/zfrancis/.local/lib/python3.8/site-packages/matplotlib/mpl-data/fonts/ttf/DejaVuSerif-Italic.ttf', name='DejaVu Serif', style='italic', variant='normal', weight=400, stretch='normal', size='scalable')) = 11.05
2024-01-06 22:28:51,145 - matplotlib.font_manager - DEBUG - findfont: score(FontEntry(fname='/home/zfrancis/.local/lib/python3.8/site-packages/matplotlib/mpl-data/fonts/ttf/STIXGeneralBol.ttf', name='STIXGeneral', style='normal', variant='normal', weight=700, stretch='normal', size='scalable')) = 10.335
2024-01-06 22:28:51,145 - matplotlib.font_manager - DEBUG - findfont: score(FontEntry(fname='/home/zfrancis/.local/lib/python3.8/site-packages/matplotlib/mpl-data/fonts/ttf/DejaVuSerif.ttf', name='DejaVu Serif', style='normal', variant='normal', weight=400, stretch='normal', size='scalable')) = 10.05
2024-01-06 22:28:51,145 - matplotlib.font_manager - DEBUG - findfont: score(FontEntry(fname='/home/zfrancis/.local/lib/python3.8/site-packages/matplotlib/mpl-data/fonts/ttf/STIXSizOneSymReg.ttf', name='STIXSizeOneSym', style='normal', variant='normal', weight=400, stretch='normal', size='scalable')) = 10.05
2024-01-06 22:28:51,146 - matplotlib.font_manager - DEBUG - findfont: score(FontEntry(fname='/home/zfrancis/.local/lib/python3.8/site-packages/matplotlib/mpl-data/fonts/ttf/DejaVuSansMono-Oblique.ttf', name='DejaVu Sans Mono', style='oblique', variant='normal', weight=400, stretch='normal', size='scalable')) = 11.05
2024-01-06 22:28:51,146 - matplotlib.font_manager - DEBUG - findfont: score(FontEntry(fname='/home/zfrancis/.local/lib/python3.8/site-packages/matplotlib/mpl-data/fonts/ttf/cmmi10.ttf', name='cmmi10', style='normal', variant='normal', weight=400, stretch='normal', size='scalable')) = 10.05
2024-01-06 22:28:51,146 - matplotlib.font_manager - DEBUG - findfont: score(FontEntry(fname='/home/zfrancis/.local/lib/python3.8/site-packages/matplotlib/mpl-data/fonts/ttf/STIXSizTwoSymReg.ttf', name='STIXSizeTwoSym', style='normal', variant='normal', weight=400, stretch='normal', size='scalable')) = 10.05
2024-01-06 22:28:51,146 - matplotlib.font_manager - DEBUG - findfont: score(FontEntry(fname='/home/zfrancis/.local/lib/python3.8/site-packages/matplotlib/mpl-data/fonts/ttf/cmr10.ttf', name='cmr10', style='normal', variant='normal', weight=400, stretch='normal', size='scalable')) = 10.05
2024-01-06 22:28:51,146 - matplotlib.font_manager - DEBUG - findfont: score(FontEntry(fname='/home/zfrancis/.local/lib/python3.8/site-packages/matplotlib/mpl-data/fonts/ttf/DejaVuSans.ttf', name='DejaVu Sans', style='normal', variant='normal', weight=400, stretch='normal', size='scalable')) = 0.05
2024-01-06 22:28:51,146 - matplotlib.font_manager - DEBUG - findfont: score(FontEntry(fname='/home/zfrancis/.local/lib/python3.8/site-packages/matplotlib/mpl-data/fonts/ttf/cmsy10.ttf', name='cmsy10', style='normal', variant='normal', weight=400, stretch='normal', size='scalable')) = 10.05
2024-01-06 22:28:51,147 - matplotlib.font_manager - DEBUG - findfont: score(FontEntry(fname='/home/zfrancis/.local/lib/python3.8/site-packages/matplotlib/mpl-data/fonts/ttf/DejaVuSans-BoldOblique.ttf', name='DejaVu Sans', style='oblique', variant='normal', weight=700, stretch='normal', size='scalable')) = 1.335
2024-01-06 22:28:51,147 - matplotlib.font_manager - DEBUG - findfont: score(FontEntry(fname='/home/zfrancis/.local/lib/python3.8/site-packages/matplotlib/mpl-data/fonts/ttf/DejaVuSans-Oblique.ttf', name='DejaVu Sans', style='oblique', variant='normal', weight=400, stretch='normal', size='scalable')) = 1.05
2024-01-06 22:28:51,147 - matplotlib.font_manager - DEBUG - findfont: score(FontEntry(fname='/home/zfrancis/.local/lib/python3.8/site-packages/matplotlib/mpl-data/fonts/ttf/cmtt10.ttf', name='cmtt10', style='normal', variant='normal', weight=400, stretch='normal', size='scalable')) = 10.05
2024-01-06 22:28:51,147 - matplotlib.font_manager - DEBUG - findfont: score(FontEntry(fname='/home/zfrancis/.local/lib/python3.8/site-packages/matplotlib/mpl-data/fonts/ttf/STIXSizFiveSymReg.ttf', name='STIXSizeFiveSym', style='normal', variant='normal', weight=400, stretch='normal', size='scalable')) = 10.05
2024-01-06 22:28:51,147 - matplotlib.font_manager - DEBUG - findfont: score(FontEntry(fname='/home/zfrancis/.local/lib/python3.8/site-packages/matplotlib/mpl-data/fonts/ttf/STIXSizFourSymReg.ttf', name='STIXSizeFourSym', style='normal', variant='normal', weight=400, stretch='normal', size='scalable')) = 10.05
2024-01-06 22:28:51,147 - matplotlib.font_manager - DEBUG - findfont: score(FontEntry(fname='/home/zfrancis/.local/lib/python3.8/site-packages/matplotlib/mpl-data/fonts/ttf/DejaVuSans-Bold.ttf', name='DejaVu Sans', style='normal', variant='normal', weight=700, stretch='normal', size='scalable')) = 0.33499999999999996
2024-01-06 22:28:51,147 - matplotlib.font_manager - DEBUG - findfont: score(FontEntry(fname='/home/zfrancis/.local/lib/python3.8/site-packages/matplotlib/mpl-data/fonts/ttf/STIXGeneralBolIta.ttf', name='STIXGeneral', style='italic', variant='normal', weight=700, stretch='normal', size='scalable')) = 11.335
2024-01-06 22:28:51,148 - matplotlib.font_manager - DEBUG - findfont: score(FontEntry(fname='/home/zfrancis/.local/lib/python3.8/site-packages/matplotlib/mpl-data/fonts/ttf/cmex10.ttf', name='cmex10', style='normal', variant='normal', weight=400, stretch='normal', size='scalable')) = 10.05
2024-01-06 22:28:51,148 - matplotlib.font_manager - DEBUG - findfont: score(FontEntry(fname='/home/zfrancis/.local/lib/python3.8/site-packages/matplotlib/mpl-data/fonts/ttf/STIXSizOneSymBol.ttf', name='STIXSizeOneSym', style='normal', variant='normal', weight=700, stretch='normal', size='scalable')) = 10.335
2024-01-06 22:28:51,148 - matplotlib.font_manager - DEBUG - findfont: score(FontEntry(fname='/home/zfrancis/.local/lib/python3.8/site-packages/matplotlib/mpl-data/fonts/ttf/STIXSizThreeSymReg.ttf', name='STIXSizeThreeSym', style='normal', variant='normal', weight=400, stretch='normal', size='scalable')) = 10.05
2024-01-06 22:28:51,148 - matplotlib.font_manager - DEBUG - findfont: score(FontEntry(fname='/home/zfrancis/.local/lib/python3.8/site-packages/matplotlib/mpl-data/fonts/ttf/DejaVuSerif-Bold.ttf', name='DejaVu Serif', style='normal', variant='normal', weight=700, stretch='normal', size='scalable')) = 10.335
2024-01-06 22:28:51,148 - matplotlib.font_manager - DEBUG - findfont: score(FontEntry(fname='/home/zfrancis/.local/lib/python3.8/site-packages/matplotlib/mpl-data/fonts/ttf/STIXSizThreeSymBol.ttf', name='STIXSizeThreeSym', style='normal', variant='normal', weight=700, stretch='normal', size='scalable')) = 10.335
2024-01-06 22:28:51,148 - matplotlib.font_manager - DEBUG - findfont: score(FontEntry(fname='/home/zfrancis/.local/lib/python3.8/site-packages/matplotlib/mpl-data/fonts/ttf/DejaVuSerifDisplay.ttf', name='DejaVu Serif Display', style='normal', variant='normal', weight=400, stretch='normal', size='scalable')) = 10.05
2024-01-06 22:28:51,149 - matplotlib.font_manager - DEBUG - findfont: score(FontEntry(fname='/home/zfrancis/.local/lib/python3.8/site-packages/matplotlib/mpl-data/fonts/ttf/DejaVuSansMono-BoldOblique.ttf', name='DejaVu Sans Mono', style='oblique', variant='normal', weight=700, stretch='normal', size='scalable')) = 11.335
2024-01-06 22:28:51,149 - matplotlib.font_manager - DEBUG - findfont: score(FontEntry(fname='/home/zfrancis/.local/lib/python3.8/site-packages/matplotlib/mpl-data/fonts/ttf/DejaVuSansMono.ttf', name='DejaVu Sans Mono', style='normal', variant='normal', weight=400, stretch='normal', size='scalable')) = 10.05
2024-01-06 22:28:51,149 - matplotlib.font_manager - DEBUG - findfont: score(FontEntry(fname='/home/zfrancis/.local/lib/python3.8/site-packages/matplotlib/mpl-data/fonts/ttf/STIXNonUniBol.ttf', name='STIXNonUnicode', style='normal', variant='normal', weight=700, stretch='normal', size='scalable')) = 10.335
2024-01-06 22:28:51,149 - matplotlib.font_manager - DEBUG - findfont: score(FontEntry(fname='/home/zfrancis/.local/lib/python3.8/site-packages/matplotlib/mpl-data/fonts/ttf/DejaVuSansMono-Bold.ttf', name='DejaVu Sans Mono', style='normal', variant='normal', weight=700, stretch='normal', size='scalable')) = 10.335
2024-01-06 22:28:51,149 - matplotlib.font_manager - DEBUG - findfont: score(FontEntry(fname='/home/zfrancis/.local/lib/python3.8/site-packages/matplotlib/mpl-data/fonts/ttf/cmss10.ttf', name='cmss10', style='normal', variant='normal', weight=400, stretch='normal', size='scalable')) = 10.05
2024-01-06 22:28:51,149 - matplotlib.font_manager - DEBUG - findfont: score(FontEntry(fname='/usr/share/fonts/truetype/dejavu/DejaVuSans.ttf', name='DejaVu Sans', style='normal', variant='normal', weight=400, stretch='normal', size='scalable')) = 0.05
2024-01-06 22:28:51,149 - matplotlib.font_manager - DEBUG - findfont: score(FontEntry(fname='/usr/share/fonts/truetype/dejavu/DejaVuSerif-Bold.ttf', name='DejaVu Serif', style='normal', variant='normal', weight=700, stretch='normal', size='scalable')) = 10.335
2024-01-06 22:28:51,150 - matplotlib.font_manager - DEBUG - findfont: score(FontEntry(fname='/usr/share/fonts/truetype/dejavu/DejaVuSansMono.ttf', name='DejaVu Sans Mono', style='normal', variant='normal', weight=400, stretch='normal', size='scalable')) = 10.05
2024-01-06 22:28:51,150 - matplotlib.font_manager - DEBUG - findfont: score(FontEntry(fname='/usr/share/fonts/truetype/dejavu/DejaVuSerif.ttf', name='DejaVu Serif', style='normal', variant='normal', weight=400, stretch='normal', size='scalable')) = 10.05
2024-01-06 22:28:51,150 - matplotlib.font_manager - DEBUG - findfont: score(FontEntry(fname='/usr/share/fonts/truetype/dejavu/DejaVuSans-Bold.ttf', name='DejaVu Sans', style='normal', variant='normal', weight=700, stretch='normal', size='scalable')) = 0.33499999999999996
2024-01-06 22:28:51,150 - matplotlib.font_manager - DEBUG - findfont: score(FontEntry(fname='/usr/share/fonts/truetype/dejavu/DejaVuSansMono-Bold.ttf', name='DejaVu Sans Mono', style='normal', variant='normal', weight=700, stretch='normal', size='scalable')) = 10.335
2024-01-06 22:28:51,150 - matplotlib.font_manager - DEBUG - findfont: Matching sans\-serif:style=normal:variant=normal:weight=normal:stretch=normal:size=10.0 to DejaVu Sans ('/home/zfrancis/.local/lib/python3.8/site-packages/matplotlib/mpl-data/fonts/ttf/DejaVuSans.ttf') with score of 0.050000.
2024-01-06 22:28:51,180 - root - DEBUG - creating list of animal dictionaries
2024-01-06 22:28:51,180 - root - DEBUG - counting species per year
2024-01-06 22:28:51,181 - root - DEBUG - counting species per year
2024-01-06 22:28:51,181 - root - DEBUG - counting species per year
2024-01-06 22:28:51,181 - root - DEBUG - counting species per year
2024-01-06 22:28:51,182 - root - DEBUG - counting species per year
2024-01-06 22:28:51,182 - root - DEBUG - counting species per year
2024-01-06 22:28:51,182 - root - DEBUG - counting species per year
2024-01-06 22:28:51,183 - root - DEBUG - counting species per year
2024-01-06 22:28:51,183 - root - DEBUG - counting species per year
2024-01-06 22:28:51,203 - root - DEBUG - counting number of animal cases by location
2024-01-06 22:28:51,253 - matplotlib.font_manager - DEBUG - findfont: Matching sans\-serif:style=normal:variant=normal:weight=normal:stretch=normal:size=12.0.
2024-01-06 22:28:51,254 - matplotlib.font_manager - DEBUG - findfont: score(FontEntry(fname='/home/zfrancis/.local/lib/python3.8/site-packages/matplotlib/mpl-data/fonts/ttf/cmb10.ttf', name='cmb10', style='normal', variant='normal', weight=400, stretch='normal', size='scalable')) = 10.05
2024-01-06 22:28:51,254 - matplotlib.font_manager - DEBUG - findfont: score(FontEntry(fname='/home/zfrancis/.local/lib/python3.8/site-packages/matplotlib/mpl-data/fonts/ttf/DejaVuSerif-BoldItalic.ttf', name='DejaVu Serif', style='italic', variant='normal', weight=700, stretch='normal', size='scalable')) = 11.335
2024-01-06 22:28:51,254 - matplotlib.font_manager - DEBUG - findfont: score(FontEntry(fname='/home/zfrancis/.local/lib/python3.8/site-packages/matplotlib/mpl-data/fonts/ttf/STIXGeneralItalic.ttf', name='STIXGeneral', style='italic', variant='normal', weight=400, stretch='normal', size='scalable')) = 11.05
2024-01-06 22:28:51,254 - matplotlib.font_manager - DEBUG - findfont: score(FontEntry(fname='/home/zfrancis/.local/lib/python3.8/site-packages/matplotlib/mpl-data/fonts/ttf/STIXGeneral.ttf', name='STIXGeneral', style='normal', variant='normal', weight=400, stretch='normal', size='scalable')) = 10.05
2024-01-06 22:28:51,254 - matplotlib.font_manager - DEBUG - findfont: score(FontEntry(fname='/home/zfrancis/.local/lib/python3.8/site-packages/matplotlib/mpl-data/fonts/ttf/STIXNonUniIta.ttf', name='STIXNonUnicode', style='italic', variant='normal', weight=400, stretch='normal', size='scalable')) = 11.05
2024-01-06 22:28:51,255 - matplotlib.font_manager - DEBUG - findfont: score(FontEntry(fname='/home/zfrancis/.local/lib/python3.8/site-packages/matplotlib/mpl-data/fonts/ttf/STIXSizFourSymBol.ttf', name='STIXSizeFourSym', style='normal', variant='normal', weight=700, stretch='normal', size='scalable')) = 10.335
2024-01-06 22:28:51,255 - matplotlib.font_manager - DEBUG - findfont: score(FontEntry(fname='/home/zfrancis/.local/lib/python3.8/site-packages/matplotlib/mpl-data/fonts/ttf/DejaVuSansDisplay.ttf', name='DejaVu Sans Display', style='normal', variant='normal', weight=400, stretch='normal', size='scalable')) = 10.05
2024-01-06 22:28:51,255 - matplotlib.font_manager - DEBUG - findfont: score(FontEntry(fname='/home/zfrancis/.local/lib/python3.8/site-packages/matplotlib/mpl-data/fonts/ttf/STIXNonUniBolIta.ttf', name='STIXNonUnicode', style='italic', variant='normal', weight=700, stretch='normal', size='scalable')) = 11.335
2024-01-06 22:28:51,255 - matplotlib.font_manager - DEBUG - findfont: score(FontEntry(fname='/home/zfrancis/.local/lib/python3.8/site-packages/matplotlib/mpl-data/fonts/ttf/STIXNonUni.ttf', name='STIXNonUnicode', style='normal', variant='normal', weight=400, stretch='normal', size='scalable')) = 10.05
2024-01-06 22:28:51,255 - matplotlib.font_manager - DEBUG - findfont: score(FontEntry(fname='/home/zfrancis/.local/lib/python3.8/site-packages/matplotlib/mpl-data/fonts/ttf/STIXSizTwoSymBol.ttf', name='STIXSizeTwoSym', style='normal', variant='normal', weight=700, stretch='normal', size='scalable')) = 10.335
2024-01-06 22:28:51,256 - matplotlib.font_manager - DEBUG - findfont: score(FontEntry(fname='/home/zfrancis/.local/lib/python3.8/site-packages/matplotlib/mpl-data/fonts/ttf/DejaVuSerif-Italic.ttf', name='DejaVu Serif', style='italic', variant='normal', weight=400, stretch='normal', size='scalable')) = 11.05
2024-01-06 22:28:51,256 - matplotlib.font_manager - DEBUG - findfont: score(FontEntry(fname='/home/zfrancis/.local/lib/python3.8/site-packages/matplotlib/mpl-data/fonts/ttf/STIXGeneralBol.ttf', name='STIXGeneral', style='normal', variant='normal', weight=700, stretch='normal', size='scalable')) = 10.335
2024-01-06 22:28:51,256 - matplotlib.font_manager - DEBUG - findfont: score(FontEntry(fname='/home/zfrancis/.local/lib/python3.8/site-packages/matplotlib/mpl-data/fonts/ttf/DejaVuSerif.ttf', name='DejaVu Serif', style='normal', variant='normal', weight=400, stretch='normal', size='scalable')) = 10.05
2024-01-06 22:28:51,256 - matplotlib.font_manager - DEBUG - findfont: score(FontEntry(fname='/home/zfrancis/.local/lib/python3.8/site-packages/matplotlib/mpl-data/fonts/ttf/STIXSizOneSymReg.ttf', name='STIXSizeOneSym', style='normal', variant='normal', weight=400, stretch='normal', size='scalable')) = 10.05
2024-01-06 22:28:51,256 - matplotlib.font_manager - DEBUG - findfont: score(FontEntry(fname='/home/zfrancis/.local/lib/python3.8/site-packages/matplotlib/mpl-data/fonts/ttf/DejaVuSansMono-Oblique.ttf', name='DejaVu Sans Mono', style='oblique', variant='normal', weight=400, stretch='normal', size='scalable')) = 11.05
2024-01-06 22:28:51,256 - matplotlib.font_manager - DEBUG - findfont: score(FontEntry(fname='/home/zfrancis/.local/lib/python3.8/site-packages/matplotlib/mpl-data/fonts/ttf/cmmi10.ttf', name='cmmi10', style='normal', variant='normal', weight=400, stretch='normal', size='scalable')) = 10.05
2024-01-06 22:28:51,257 - matplotlib.font_manager - DEBUG - findfont: score(FontEntry(fname='/home/zfrancis/.local/lib/python3.8/site-packages/matplotlib/mpl-data/fonts/ttf/STIXSizTwoSymReg.ttf', name='STIXSizeTwoSym', style='normal', variant='normal', weight=400, stretch='normal', size='scalable')) = 10.05
2024-01-06 22:28:51,257 - matplotlib.font_manager - DEBUG - findfont: score(FontEntry(fname='/home/zfrancis/.local/lib/python3.8/site-packages/matplotlib/mpl-data/fonts/ttf/cmr10.ttf', name='cmr10', style='normal', variant='normal', weight=400, stretch='normal', size='scalable')) = 10.05
2024-01-06 22:28:51,257 - matplotlib.font_manager - DEBUG - findfont: score(FontEntry(fname='/home/zfrancis/.local/lib/python3.8/site-packages/matplotlib/mpl-data/fonts/ttf/DejaVuSans.ttf', name='DejaVu Sans', style='normal', variant='normal', weight=400, stretch='normal', size='scalable')) = 0.05
2024-01-06 22:28:51,257 - matplotlib.font_manager - DEBUG - findfont: score(FontEntry(fname='/home/zfrancis/.local/lib/python3.8/site-packages/matplotlib/mpl-data/fonts/ttf/cmsy10.ttf', name='cmsy10', style='normal', variant='normal', weight=400, stretch='normal', size='scalable')) = 10.05
2024-01-06 22:28:51,257 - matplotlib.font_manager - DEBUG - findfont: score(FontEntry(fname='/home/zfrancis/.local/lib/python3.8/site-packages/matplotlib/mpl-data/fonts/ttf/DejaVuSans-BoldOblique.ttf', name='DejaVu Sans', style='oblique', variant='normal', weight=700, stretch='normal', size='scalable')) = 1.335
2024-01-06 22:28:51,257 - matplotlib.font_manager - DEBUG - findfont: score(FontEntry(fname='/home/zfrancis/.local/lib/python3.8/site-packages/matplotlib/mpl-data/fonts/ttf/DejaVuSans-Oblique.ttf', name='DejaVu Sans', style='oblique', variant='normal', weight=400, stretch='normal', size='scalable')) = 1.05
2024-01-06 22:28:51,257 - matplotlib.font_manager - DEBUG - findfont: score(FontEntry(fname='/home/zfrancis/.local/lib/python3.8/site-packages/matplotlib/mpl-data/fonts/ttf/cmtt10.ttf', name='cmtt10', style='normal', variant='normal', weight=400, stretch='normal', size='scalable')) = 10.05
2024-01-06 22:28:51,258 - matplotlib.font_manager - DEBUG - findfont: score(FontEntry(fname='/home/zfrancis/.local/lib/python3.8/site-packages/matplotlib/mpl-data/fonts/ttf/STIXSizFiveSymReg.ttf', name='STIXSizeFiveSym', style='normal', variant='normal', weight=400, stretch='normal', size='scalable')) = 10.05
2024-01-06 22:28:51,258 - matplotlib.font_manager - DEBUG - findfont: score(FontEntry(fname='/home/zfrancis/.local/lib/python3.8/site-packages/matplotlib/mpl-data/fonts/ttf/STIXSizFourSymReg.ttf', name='STIXSizeFourSym', style='normal', variant='normal', weight=400, stretch='normal', size='scalable')) = 10.05
2024-01-06 22:28:51,258 - matplotlib.font_manager - DEBUG - findfont: score(FontEntry(fname='/home/zfrancis/.local/lib/python3.8/site-packages/matplotlib/mpl-data/fonts/ttf/DejaVuSans-Bold.ttf', name='DejaVu Sans', style='normal', variant='normal', weight=700, stretch='normal', size='scalable')) = 0.33499999999999996
2024-01-06 22:28:51,258 - matplotlib.font_manager - DEBUG - findfont: score(FontEntry(fname='/home/zfrancis/.local/lib/python3.8/site-packages/matplotlib/mpl-data/fonts/ttf/STIXGeneralBolIta.ttf', name='STIXGeneral', style='italic', variant='normal', weight=700, stretch='normal', size='scalable')) = 11.335
2024-01-06 22:28:51,258 - matplotlib.font_manager - DEBUG - findfont: score(FontEntry(fname='/home/zfrancis/.local/lib/python3.8/site-packages/matplotlib/mpl-data/fonts/ttf/cmex10.ttf', name='cmex10', style='normal', variant='normal', weight=400, stretch='normal', size='scalable')) = 10.05
2024-01-06 22:28:51,258 - matplotlib.font_manager - DEBUG - findfont: score(FontEntry(fname='/home/zfrancis/.local/lib/python3.8/site-packages/matplotlib/mpl-data/fonts/ttf/STIXSizOneSymBol.ttf', name='STIXSizeOneSym', style='normal', variant='normal', weight=700, stretch='normal', size='scalable')) = 10.335
2024-01-06 22:28:51,258 - matplotlib.font_manager - DEBUG - findfont: score(FontEntry(fname='/home/zfrancis/.local/lib/python3.8/site-packages/matplotlib/mpl-data/fonts/ttf/STIXSizThreeSymReg.ttf', name='STIXSizeThreeSym', style='normal', variant='normal', weight=400, stretch='normal', size='scalable')) = 10.05
2024-01-06 22:28:51,259 - matplotlib.font_manager - DEBUG - findfont: score(FontEntry(fname='/home/zfrancis/.local/lib/python3.8/site-packages/matplotlib/mpl-data/fonts/ttf/DejaVuSerif-Bold.ttf', name='DejaVu Serif', style='normal', variant='normal', weight=700, stretch='normal', size='scalable')) = 10.335
2024-01-06 22:28:51,259 - matplotlib.font_manager - DEBUG - findfont: score(FontEntry(fname='/home/zfrancis/.local/lib/python3.8/site-packages/matplotlib/mpl-data/fonts/ttf/STIXSizThreeSymBol.ttf', name='STIXSizeThreeSym', style='normal', variant='normal', weight=700, stretch='normal', size='scalable')) = 10.335
2024-01-06 22:28:51,259 - matplotlib.font_manager - DEBUG - findfont: score(FontEntry(fname='/home/zfrancis/.local/lib/python3.8/site-packages/matplotlib/mpl-data/fonts/ttf/DejaVuSerifDisplay.ttf', name='DejaVu Serif Display', style='normal', variant='normal', weight=400, stretch='normal', size='scalable')) = 10.05
2024-01-06 22:28:51,259 - matplotlib.font_manager - DEBUG - findfont: score(FontEntry(fname='/home/zfrancis/.local/lib/python3.8/site-packages/matplotlib/mpl-data/fonts/ttf/DejaVuSansMono-BoldOblique.ttf', name='DejaVu Sans Mono', style='oblique', variant='normal', weight=700, stretch='normal', size='scalable')) = 11.335
2024-01-06 22:28:51,260 - matplotlib.font_manager - DEBUG - findfont: score(FontEntry(fname='/home/zfrancis/.local/lib/python3.8/site-packages/matplotlib/mpl-data/fonts/ttf/DejaVuSansMono.ttf', name='DejaVu Sans Mono', style='normal', variant='normal', weight=400, stretch='normal', size='scalable')) = 10.05
2024-01-06 22:28:51,260 - matplotlib.font_manager - DEBUG - findfont: score(FontEntry(fname='/home/zfrancis/.local/lib/python3.8/site-packages/matplotlib/mpl-data/fonts/ttf/STIXNonUniBol.ttf', name='STIXNonUnicode', style='normal', variant='normal', weight=700, stretch='normal', size='scalable')) = 10.335
2024-01-06 22:28:51,260 - matplotlib.font_manager - DEBUG - findfont: score(FontEntry(fname='/home/zfrancis/.local/lib/python3.8/site-packages/matplotlib/mpl-data/fonts/ttf/DejaVuSansMono-Bold.ttf', name='DejaVu Sans Mono', style='normal', variant='normal', weight=700, stretch='normal', size='scalable')) = 10.335
2024-01-06 22:28:51,260 - matplotlib.font_manager - DEBUG - findfont: score(FontEntry(fname='/home/zfrancis/.local/lib/python3.8/site-packages/matplotlib/mpl-data/fonts/ttf/cmss10.ttf', name='cmss10', style='normal', variant='normal', weight=400, stretch='normal', size='scalable')) = 10.05
2024-01-06 22:28:51,260 - matplotlib.font_manager - DEBUG - findfont: score(FontEntry(fname='/usr/share/fonts/truetype/dejavu/DejaVuSans.ttf', name='DejaVu Sans', style='normal', variant='normal', weight=400, stretch='normal', size='scalable')) = 0.05
2024-01-06 22:28:51,260 - matplotlib.font_manager - DEBUG - findfont: score(FontEntry(fname='/usr/share/fonts/truetype/dejavu/DejaVuSerif-Bold.ttf', name='DejaVu Serif', style='normal', variant='normal', weight=700, stretch='normal', size='scalable')) = 10.335
2024-01-06 22:28:51,261 - matplotlib.font_manager - DEBUG - findfont: score(FontEntry(fname='/usr/share/fonts/truetype/dejavu/DejaVuSansMono.ttf', name='DejaVu Sans Mono', style='normal', variant='normal', weight=400, stretch='normal', size='scalable')) = 10.05
2024-01-06 22:28:51,261 - matplotlib.font_manager - DEBUG - findfont: score(FontEntry(fname='/usr/share/fonts/truetype/dejavu/DejaVuSerif.ttf', name='DejaVu Serif', style='normal', variant='normal', weight=400, stretch='normal', size='scalable')) = 10.05
2024-01-06 22:28:51,261 - matplotlib.font_manager - DEBUG - findfont: score(FontEntry(fname='/usr/share/fonts/truetype/dejavu/DejaVuSans-Bold.ttf', name='DejaVu Sans', style='normal', variant='normal', weight=700, stretch='normal', size='scalable')) = 0.33499999999999996
2024-01-06 22:28:51,261 - matplotlib.font_manager - DEBUG - findfont: score(FontEntry(fname='/usr/share/fonts/truetype/dejavu/DejaVuSansMono-Bold.ttf', name='DejaVu Sans Mono', style='normal', variant='normal', weight=700, stretch='normal', size='scalable')) = 10.335
2024-01-06 22:28:51,261 - matplotlib.font_manager - DEBUG - findfont: Matching sans\-serif:style=normal:variant=normal:weight=normal:stretch=normal:size=12.0 to DejaVu Sans ('/home/zfrancis/.local/lib/python3.8/site-packages/matplotlib/mpl-data/fonts/ttf/DejaVuSans.ttf') with score of 0.050000.
2024-01-06 22:28:51,270 - matplotlib.font_manager - DEBUG - findfont: Matching sans\-serif:style=normal:variant=normal:weight=normal:stretch=normal:size=10.0.
2024-01-06 22:28:51,273 - matplotlib.font_manager - DEBUG - findfont: score(FontEntry(fname='/home/zfrancis/.local/lib/python3.8/site-packages/matplotlib/mpl-data/fonts/ttf/cmb10.ttf', name='cmb10', style='normal', variant='normal', weight=400, stretch='normal', size='scalable')) = 10.05
2024-01-06 22:28:51,274 - matplotlib.font_manager - DEBUG - findfont: score(FontEntry(fname='/home/zfrancis/.local/lib/python3.8/site-packages/matplotlib/mpl-data/fonts/ttf/DejaVuSerif-BoldItalic.ttf', name='DejaVu Serif', style='italic', variant='normal', weight=700, stretch='normal', size='scalable')) = 11.335
2024-01-06 22:28:51,274 - matplotlib.font_manager - DEBUG - findfont: score(FontEntry(fname='/home/zfrancis/.local/lib/python3.8/site-packages/matplotlib/mpl-data/fonts/ttf/STIXGeneralItalic.ttf', name='STIXGeneral', style='italic', variant='normal', weight=400, stretch='normal', size='scalable')) = 11.05
2024-01-06 22:28:51,274 - matplotlib.font_manager - DEBUG - findfont: score(FontEntry(fname='/home/zfrancis/.local/lib/python3.8/site-packages/matplotlib/mpl-data/fonts/ttf/STIXGeneral.ttf', name='STIXGeneral', style='normal', variant='normal', weight=400, stretch='normal', size='scalable')) = 10.05
2024-01-06 22:28:51,274 - matplotlib.font_manager - DEBUG - findfont: score(FontEntry(fname='/home/zfrancis/.local/lib/python3.8/site-packages/matplotlib/mpl-data/fonts/ttf/STIXNonUniIta.ttf', name='STIXNonUnicode', style='italic', variant='normal', weight=400, stretch='normal', size='scalable')) = 11.05
2024-01-06 22:28:51,274 - matplotlib.font_manager - DEBUG - findfont: score(FontEntry(fname='/home/zfrancis/.local/lib/python3.8/site-packages/matplotlib/mpl-data/fonts/ttf/STIXSizFourSymBol.ttf', name='STIXSizeFourSym', style='normal', variant='normal', weight=700, stretch='normal', size='scalable')) = 10.335
2024-01-06 22:28:51,275 - matplotlib.font_manager - DEBUG - findfont: score(FontEntry(fname='/home/zfrancis/.local/lib/python3.8/site-packages/matplotlib/mpl-data/fonts/ttf/DejaVuSansDisplay.ttf', name='DejaVu Sans Display', style='normal', variant='normal', weight=400, stretch='normal', size='scalable')) = 10.05
2024-01-06 22:28:51,275 - matplotlib.font_manager - DEBUG - findfont: score(FontEntry(fname='/home/zfrancis/.local/lib/python3.8/site-packages/matplotlib/mpl-data/fonts/ttf/STIXNonUniBolIta.ttf', name='STIXNonUnicode', style='italic', variant='normal', weight=700, stretch='normal', size='scalable')) = 11.335
2024-01-06 22:28:51,275 - matplotlib.font_manager - DEBUG - findfont: score(FontEntry(fname='/home/zfrancis/.local/lib/python3.8/site-packages/matplotlib/mpl-data/fonts/ttf/STIXNonUni.ttf', name='STIXNonUnicode', style='normal', variant='normal', weight=400, stretch='normal', size='scalable')) = 10.05
2024-01-06 22:28:51,275 - matplotlib.font_manager - DEBUG - findfont: score(FontEntry(fname='/home/zfrancis/.local/lib/python3.8/site-packages/matplotlib/mpl-data/fonts/ttf/STIXSizTwoSymBol.ttf', name='STIXSizeTwoSym', style='normal', variant='normal', weight=700, stretch='normal', size='scalable')) = 10.335
2024-01-06 22:28:51,276 - matplotlib.font_manager - DEBUG - findfont: score(FontEntry(fname='/home/zfrancis/.local/lib/python3.8/site-packages/matplotlib/mpl-data/fonts/ttf/DejaVuSerif-Italic.ttf', name='DejaVu Serif', style='italic', variant='normal', weight=400, stretch='normal', size='scalable')) = 11.05
2024-01-06 22:28:51,276 - matplotlib.font_manager - DEBUG - findfont: score(FontEntry(fname='/home/zfrancis/.local/lib/python3.8/site-packages/matplotlib/mpl-data/fonts/ttf/STIXGeneralBol.ttf', name='STIXGeneral', style='normal', variant='normal', weight=700, stretch='normal', size='scalable')) = 10.335
2024-01-06 22:28:51,276 - matplotlib.font_manager - DEBUG - findfont: score(FontEntry(fname='/home/zfrancis/.local/lib/python3.8/site-packages/matplotlib/mpl-data/fonts/ttf/DejaVuSerif.ttf', name='DejaVu Serif', style='normal', variant='normal', weight=400, stretch='normal', size='scalable')) = 10.05
2024-01-06 22:28:51,276 - matplotlib.font_manager - DEBUG - findfont: score(FontEntry(fname='/home/zfrancis/.local/lib/python3.8/site-packages/matplotlib/mpl-data/fonts/ttf/STIXSizOneSymReg.ttf', name='STIXSizeOneSym', style='normal', variant='normal', weight=400, stretch='normal', size='scalable')) = 10.05
2024-01-06 22:28:51,277 - matplotlib.font_manager - DEBUG - findfont: score(FontEntry(fname='/home/zfrancis/.local/lib/python3.8/site-packages/matplotlib/mpl-data/fonts/ttf/DejaVuSansMono-Oblique.ttf', name='DejaVu Sans Mono', style='oblique', variant='normal', weight=400, stretch='normal', size='scalable')) = 11.05
2024-01-06 22:28:51,277 - matplotlib.font_manager - DEBUG - findfont: score(FontEntry(fname='/home/zfrancis/.local/lib/python3.8/site-packages/matplotlib/mpl-data/fonts/ttf/cmmi10.ttf', name='cmmi10', style='normal', variant='normal', weight=400, stretch='normal', size='scalable')) = 10.05
2024-01-06 22:28:51,277 - matplotlib.font_manager - DEBUG - findfont: score(FontEntry(fname='/home/zfrancis/.local/lib/python3.8/site-packages/matplotlib/mpl-data/fonts/ttf/STIXSizTwoSymReg.ttf', name='STIXSizeTwoSym', style='normal', variant='normal', weight=400, stretch='normal', size='scalable')) = 10.05
2024-01-06 22:28:51,277 - matplotlib.font_manager - DEBUG - findfont: score(FontEntry(fname='/home/zfrancis/.local/lib/python3.8/site-packages/matplotlib/mpl-data/fonts/ttf/cmr10.ttf', name='cmr10', style='normal', variant='normal', weight=400, stretch='normal', size='scalable')) = 10.05
2024-01-06 22:28:51,278 - matplotlib.font_manager - DEBUG - findfont: score(FontEntry(fname='/home/zfrancis/.local/lib/python3.8/site-packages/matplotlib/mpl-data/fonts/ttf/DejaVuSans.ttf', name='DejaVu Sans', style='normal', variant='normal', weight=400, stretch='normal', size='scalable')) = 0.05
2024-01-06 22:28:51,278 - matplotlib.font_manager - DEBUG - findfont: score(FontEntry(fname='/home/zfrancis/.local/lib/python3.8/site-packages/matplotlib/mpl-data/fonts/ttf/cmsy10.ttf', name='cmsy10', style='normal', variant='normal', weight=400, stretch='normal', size='scalable')) = 10.05
2024-01-06 22:28:51,278 - matplotlib.font_manager - DEBUG - findfont: score(FontEntry(fname='/home/zfrancis/.local/lib/python3.8/site-packages/matplotlib/mpl-data/fonts/ttf/DejaVuSans-BoldOblique.ttf', name='DejaVu Sans', style='oblique', variant='normal', weight=700, stretch='normal', size='scalable')) = 1.335
2024-01-06 22:28:51,278 - matplotlib.font_manager - DEBUG - findfont: score(FontEntry(fname='/home/zfrancis/.local/lib/python3.8/site-packages/matplotlib/mpl-data/fonts/ttf/DejaVuSans-Oblique.ttf', name='DejaVu Sans', style='oblique', variant='normal', weight=400, stretch='normal', size='scalable')) = 1.05
2024-01-06 22:28:51,278 - matplotlib.font_manager - DEBUG - findfont: score(FontEntry(fname='/home/zfrancis/.local/lib/python3.8/site-packages/matplotlib/mpl-data/fonts/ttf/cmtt10.ttf', name='cmtt10', style='normal', variant='normal', weight=400, stretch='normal', size='scalable')) = 10.05
2024-01-06 22:28:51,279 - matplotlib.font_manager - DEBUG - findfont: score(FontEntry(fname='/home/zfrancis/.local/lib/python3.8/site-packages/matplotlib/mpl-data/fonts/ttf/STIXSizFiveSymReg.ttf', name='STIXSizeFiveSym', style='normal', variant='normal', weight=400, stretch='normal', size='scalable')) = 10.05
2024-01-06 22:28:51,279 - matplotlib.font_manager - DEBUG - findfont: score(FontEntry(fname='/home/zfrancis/.local/lib/python3.8/site-packages/matplotlib/mpl-data/fonts/ttf/STIXSizFourSymReg.ttf', name='STIXSizeFourSym', style='normal', variant='normal', weight=400, stretch='normal', size='scalable')) = 10.05
2024-01-06 22:28:51,279 - matplotlib.font_manager - DEBUG - findfont: score(FontEntry(fname='/home/zfrancis/.local/lib/python3.8/site-packages/matplotlib/mpl-data/fonts/ttf/DejaVuSans-Bold.ttf', name='DejaVu Sans', style='normal', variant='normal', weight=700, stretch='normal', size='scalable')) = 0.33499999999999996
2024-01-06 22:28:51,280 - matplotlib.font_manager - DEBUG - findfont: score(FontEntry(fname='/home/zfrancis/.local/lib/python3.8/site-packages/matplotlib/mpl-data/fonts/ttf/STIXGeneralBolIta.ttf', name='STIXGeneral', style='italic', variant='normal', weight=700, stretch='normal', size='scalable')) = 11.335
2024-01-06 22:28:51,280 - matplotlib.font_manager - DEBUG - findfont: score(FontEntry(fname='/home/zfrancis/.local/lib/python3.8/site-packages/matplotlib/mpl-data/fonts/ttf/cmex10.ttf', name='cmex10', style='normal', variant='normal', weight=400, stretch='normal', size='scalable')) = 10.05
2024-01-06 22:28:51,280 - matplotlib.font_manager - DEBUG - findfont: score(FontEntry(fname='/home/zfrancis/.local/lib/python3.8/site-packages/matplotlib/mpl-data/fonts/ttf/STIXSizOneSymBol.ttf', name='STIXSizeOneSym', style='normal', variant='normal', weight=700, stretch='normal', size='scalable')) = 10.335
2024-01-06 22:28:51,280 - matplotlib.font_manager - DEBUG - findfont: score(FontEntry(fname='/home/zfrancis/.local/lib/python3.8/site-packages/matplotlib/mpl-data/fonts/ttf/STIXSizThreeSymReg.ttf', name='STIXSizeThreeSym', style='normal', variant='normal', weight=400, stretch='normal', size='scalable')) = 10.05
2024-01-06 22:28:51,281 - matplotlib.font_manager - DEBUG - findfont: score(FontEntry(fname='/home/zfrancis/.local/lib/python3.8/site-packages/matplotlib/mpl-data/fonts/ttf/DejaVuSerif-Bold.ttf', name='DejaVu Serif', style='normal', variant='normal', weight=700, stretch='normal', size='scalable')) = 10.335
2024-01-06 22:28:51,281 - matplotlib.font_manager - DEBUG - findfont: score(FontEntry(fname='/home/zfrancis/.local/lib/python3.8/site-packages/matplotlib/mpl-data/fonts/ttf/STIXSizThreeSymBol.ttf', name='STIXSizeThreeSym', style='normal', variant='normal', weight=700, stretch='normal', size='scalable')) = 10.335
2024-01-06 22:28:51,282 - matplotlib.font_manager - DEBUG - findfont: score(FontEntry(fname='/home/zfrancis/.local/lib/python3.8/site-packages/matplotlib/mpl-data/fonts/ttf/DejaVuSerifDisplay.ttf', name='DejaVu Serif Display', style='normal', variant='normal', weight=400, stretch='normal', size='scalable')) = 10.05
2024-01-06 22:28:51,282 - matplotlib.font_manager - DEBUG - findfont: score(FontEntry(fname='/home/zfrancis/.local/lib/python3.8/site-packages/matplotlib/mpl-data/fonts/ttf/DejaVuSansMono-BoldOblique.ttf', name='DejaVu Sans Mono', style='oblique', variant='normal', weight=700, stretch='normal', size='scalable')) = 11.335
2024-01-06 22:28:51,282 - matplotlib.font_manager - DEBUG - findfont: score(FontEntry(fname='/home/zfrancis/.local/lib/python3.8/site-packages/matplotlib/mpl-data/fonts/ttf/DejaVuSansMono.ttf', name='DejaVu Sans Mono', style='normal', variant='normal', weight=400, stretch='normal', size='scalable')) = 10.05
2024-01-06 22:28:51,283 - matplotlib.font_manager - DEBUG - findfont: score(FontEntry(fname='/home/zfrancis/.local/lib/python3.8/site-packages/matplotlib/mpl-data/fonts/ttf/STIXNonUniBol.ttf', name='STIXNonUnicode', style='normal', variant='normal', weight=700, stretch='normal', size='scalable')) = 10.335
2024-01-06 22:28:51,283 - matplotlib.font_manager - DEBUG - findfont: score(FontEntry(fname='/home/zfrancis/.local/lib/python3.8/site-packages/matplotlib/mpl-data/fonts/ttf/DejaVuSansMono-Bold.ttf', name='DejaVu Sans Mono', style='normal', variant='normal', weight=700, stretch='normal', size='scalable')) = 10.335
2024-01-06 22:28:51,283 - matplotlib.font_manager - DEBUG - findfont: score(FontEntry(fname='/home/zfrancis/.local/lib/python3.8/site-packages/matplotlib/mpl-data/fonts/ttf/cmss10.ttf', name='cmss10', style='normal', variant='normal', weight=400, stretch='normal', size='scalable')) = 10.05
2024-01-06 22:28:51,284 - matplotlib.font_manager - DEBUG - findfont: score(FontEntry(fname='/usr/share/fonts/truetype/dejavu/DejaVuSans.ttf', name='DejaVu Sans', style='normal', variant='normal', weight=400, stretch='normal', size='scalable')) = 0.05
2024-01-06 22:28:51,284 - matplotlib.font_manager - DEBUG - findfont: score(FontEntry(fname='/usr/share/fonts/truetype/dejavu/DejaVuSerif-Bold.ttf', name='DejaVu Serif', style='normal', variant='normal', weight=700, stretch='normal', size='scalable')) = 10.335
2024-01-06 22:28:51,290 - matplotlib.font_manager - DEBUG - findfont: score(FontEntry(fname='/usr/share/fonts/truetype/dejavu/DejaVuSansMono.ttf', name='DejaVu Sans Mono', style='normal', variant='normal', weight=400, stretch='normal', size='scalable')) = 10.05
2024-01-06 22:28:51,290 - matplotlib.font_manager - DEBUG - findfont: score(FontEntry(fname='/usr/share/fonts/truetype/dejavu/DejaVuSerif.ttf', name='DejaVu Serif', style='normal', variant='normal', weight=400, stretch='normal', size='scalable')) = 10.05
2024-01-06 22:28:51,291 - matplotlib.font_manager - DEBUG - findfont: score(FontEntry(fname='/usr/share/fonts/truetype/dejavu/DejaVuSans-Bold.ttf', name='DejaVu Sans', style='normal', variant='normal', weight=700, stretch='normal', size='scalable')) = 0.33499999999999996
2024-01-06 22:28:51,291 - matplotlib.font_manager - DEBUG - findfont: score(FontEntry(fname='/usr/share/fonts/truetype/dejavu/DejaVuSansMono-Bold.ttf', name='DejaVu Sans Mono', style='normal', variant='normal', weight=700, stretch='normal', size='scalable')) = 10.335
2024-01-06 22:28:51,291 - matplotlib.font_manager - DEBUG - findfont: Matching sans\-serif:style=normal:variant=normal:weight=normal:stretch=normal:size=10.0 to DejaVu Sans ('/home/zfrancis/.local/lib/python3.8/site-packages/matplotlib/mpl-data/fonts/ttf/DejaVuSans.ttf') with score of 0.050000.
2024-01-06 22:28:51,396 - matplotlib.font_manager - DEBUG - findfont: Matching sans\-serif:style=normal:variant=normal:weight=bold:stretch=normal:size=12.0.
2024-01-06 22:28:51,396 - matplotlib.font_manager - DEBUG - findfont: score(FontEntry(fname='/home/zfrancis/.local/lib/python3.8/site-packages/matplotlib/mpl-data/fonts/ttf/cmb10.ttf', name='cmb10', style='normal', variant='normal', weight=400, stretch='normal', size='scalable')) = 10.335
2024-01-06 22:28:51,397 - matplotlib.font_manager - DEBUG - findfont: score(FontEntry(fname='/home/zfrancis/.local/lib/python3.8/site-packages/matplotlib/mpl-data/fonts/ttf/DejaVuSerif-BoldItalic.ttf', name='DejaVu Serif', style='italic', variant='normal', weight=700, stretch='normal', size='scalable')) = 11.05
2024-01-06 22:28:51,397 - matplotlib.font_manager - DEBUG - findfont: score(FontEntry(fname='/home/zfrancis/.local/lib/python3.8/site-packages/matplotlib/mpl-data/fonts/ttf/STIXGeneralItalic.ttf', name='STIXGeneral', style='italic', variant='normal', weight=400, stretch='normal', size='scalable')) = 11.335
2024-01-06 22:28:51,397 - matplotlib.font_manager - DEBUG - findfont: score(FontEntry(fname='/home/zfrancis/.local/lib/python3.8/site-packages/matplotlib/mpl-data/fonts/ttf/STIXGeneral.ttf', name='STIXGeneral', style='normal', variant='normal', weight=400, stretch='normal', size='scalable')) = 10.335
2024-01-06 22:28:51,397 - matplotlib.font_manager - DEBUG - findfont: score(FontEntry(fname='/home/zfrancis/.local/lib/python3.8/site-packages/matplotlib/mpl-data/fonts/ttf/STIXNonUniIta.ttf', name='STIXNonUnicode', style='italic', variant='normal', weight=400, stretch='normal', size='scalable')) = 11.335
2024-01-06 22:28:51,398 - matplotlib.font_manager - DEBUG - findfont: score(FontEntry(fname='/home/zfrancis/.local/lib/python3.8/site-packages/matplotlib/mpl-data/fonts/ttf/STIXSizFourSymBol.ttf', name='STIXSizeFourSym', style='normal', variant='normal', weight=700, stretch='normal', size='scalable')) = 10.05
2024-01-06 22:28:51,398 - matplotlib.font_manager - DEBUG - findfont: score(FontEntry(fname='/home/zfrancis/.local/lib/python3.8/site-packages/matplotlib/mpl-data/fonts/ttf/DejaVuSansDisplay.ttf', name='DejaVu Sans Display', style='normal', variant='normal', weight=400, stretch='normal', size='scalable')) = 10.335
2024-01-06 22:28:51,398 - matplotlib.font_manager - DEBUG - findfont: score(FontEntry(fname='/home/zfrancis/.local/lib/python3.8/site-packages/matplotlib/mpl-data/fonts/ttf/STIXNonUniBolIta.ttf', name='STIXNonUnicode', style='italic', variant='normal', weight=700, stretch='normal', size='scalable')) = 11.05
2024-01-06 22:28:51,398 - matplotlib.font_manager - DEBUG - findfont: score(FontEntry(fname='/home/zfrancis/.local/lib/python3.8/site-packages/matplotlib/mpl-data/fonts/ttf/STIXNonUni.ttf', name='STIXNonUnicode', style='normal', variant='normal', weight=400, stretch='normal', size='scalable')) = 10.335
2024-01-06 22:28:51,398 - matplotlib.font_manager - DEBUG - findfont: score(FontEntry(fname='/home/zfrancis/.local/lib/python3.8/site-packages/matplotlib/mpl-data/fonts/ttf/STIXSizTwoSymBol.ttf', name='STIXSizeTwoSym', style='normal', variant='normal', weight=700, stretch='normal', size='scalable')) = 10.05
2024-01-06 22:28:51,398 - matplotlib.font_manager - DEBUG - findfont: score(FontEntry(fname='/home/zfrancis/.local/lib/python3.8/site-packages/matplotlib/mpl-data/fonts/ttf/DejaVuSerif-Italic.ttf', name='DejaVu Serif', style='italic', variant='normal', weight=400, stretch='normal', size='scalable')) = 11.335
2024-01-06 22:28:51,398 - matplotlib.font_manager - DEBUG - findfont: score(FontEntry(fname='/home/zfrancis/.local/lib/python3.8/site-packages/matplotlib/mpl-data/fonts/ttf/STIXGeneralBol.ttf', name='STIXGeneral', style='normal', variant='normal', weight=700, stretch='normal', size='scalable')) = 10.05
2024-01-06 22:28:51,399 - matplotlib.font_manager - DEBUG - findfont: score(FontEntry(fname='/home/zfrancis/.local/lib/python3.8/site-packages/matplotlib/mpl-data/fonts/ttf/DejaVuSerif.ttf', name='DejaVu Serif', style='normal', variant='normal', weight=400, stretch='normal', size='scalable')) = 10.335
2024-01-06 22:28:51,399 - matplotlib.font_manager - DEBUG - findfont: score(FontEntry(fname='/home/zfrancis/.local/lib/python3.8/site-packages/matplotlib/mpl-data/fonts/ttf/STIXSizOneSymReg.ttf', name='STIXSizeOneSym', style='normal', variant='normal', weight=400, stretch='normal', size='scalable')) = 10.335
2024-01-06 22:28:51,399 - matplotlib.font_manager - DEBUG - findfont: score(FontEntry(fname='/home/zfrancis/.local/lib/python3.8/site-packages/matplotlib/mpl-data/fonts/ttf/DejaVuSansMono-Oblique.ttf', name='DejaVu Sans Mono', style='oblique', variant='normal', weight=400, stretch='normal', size='scalable')) = 11.335
2024-01-06 22:28:51,399 - matplotlib.font_manager - DEBUG - findfont: score(FontEntry(fname='/home/zfrancis/.local/lib/python3.8/site-packages/matplotlib/mpl-data/fonts/ttf/cmmi10.ttf', name='cmmi10', style='normal', variant='normal', weight=400, stretch='normal', size='scalable')) = 10.335
2024-01-06 22:28:51,399 - matplotlib.font_manager - DEBUG - findfont: score(FontEntry(fname='/home/zfrancis/.local/lib/python3.8/site-packages/matplotlib/mpl-data/fonts/ttf/STIXSizTwoSymReg.ttf', name='STIXSizeTwoSym', style='normal', variant='normal', weight=400, stretch='normal', size='scalable')) = 10.335
2024-01-06 22:28:51,400 - matplotlib.font_manager - DEBUG - findfont: score(FontEntry(fname='/home/zfrancis/.local/lib/python3.8/site-packages/matplotlib/mpl-data/fonts/ttf/cmr10.ttf', name='cmr10', style='normal', variant='normal', weight=400, stretch='normal', size='scalable')) = 10.335
2024-01-06 22:28:51,400 - matplotlib.font_manager - DEBUG - findfont: score(FontEntry(fname='/home/zfrancis/.local/lib/python3.8/site-packages/matplotlib/mpl-data/fonts/ttf/DejaVuSans.ttf', name='DejaVu Sans', style='normal', variant='normal', weight=400, stretch='normal', size='scalable')) = 0.33499999999999996
2024-01-06 22:28:51,400 - matplotlib.font_manager - DEBUG - findfont: score(FontEntry(fname='/home/zfrancis/.local/lib/python3.8/site-packages/matplotlib/mpl-data/fonts/ttf/cmsy10.ttf', name='cmsy10', style='normal', variant='normal', weight=400, stretch='normal', size='scalable')) = 10.335
2024-01-06 22:28:51,400 - matplotlib.font_manager - DEBUG - findfont: score(FontEntry(fname='/home/zfrancis/.local/lib/python3.8/site-packages/matplotlib/mpl-data/fonts/ttf/DejaVuSans-BoldOblique.ttf', name='DejaVu Sans', style='oblique', variant='normal', weight=700, stretch='normal', size='scalable')) = 1.05
2024-01-06 22:28:51,400 - matplotlib.font_manager - DEBUG - findfont: score(FontEntry(fname='/home/zfrancis/.local/lib/python3.8/site-packages/matplotlib/mpl-data/fonts/ttf/DejaVuSans-Oblique.ttf', name='DejaVu Sans', style='oblique', variant='normal', weight=400, stretch='normal', size='scalable')) = 1.335
2024-01-06 22:28:51,400 - matplotlib.font_manager - DEBUG - findfont: score(FontEntry(fname='/home/zfrancis/.local/lib/python3.8/site-packages/matplotlib/mpl-data/fonts/ttf/cmtt10.ttf', name='cmtt10', style='normal', variant='normal', weight=400, stretch='normal', size='scalable')) = 10.335
2024-01-06 22:28:51,401 - matplotlib.font_manager - DEBUG - findfont: score(FontEntry(fname='/home/zfrancis/.local/lib/python3.8/site-packages/matplotlib/mpl-data/fonts/ttf/STIXSizFiveSymReg.ttf', name='STIXSizeFiveSym', style='normal', variant='normal', weight=400, stretch='normal', size='scalable')) = 10.335
2024-01-06 22:28:51,401 - matplotlib.font_manager - DEBUG - findfont: score(FontEntry(fname='/home/zfrancis/.local/lib/python3.8/site-packages/matplotlib/mpl-data/fonts/ttf/STIXSizFourSymReg.ttf', name='STIXSizeFourSym', style='normal', variant='normal', weight=400, stretch='normal', size='scalable')) = 10.335
2024-01-06 22:28:51,401 - matplotlib.font_manager - DEBUG - findfont: score(FontEntry(fname='/home/zfrancis/.local/lib/python3.8/site-packages/matplotlib/mpl-data/fonts/ttf/DejaVuSans-Bold.ttf', name='DejaVu Sans', style='normal', variant='normal', weight=700, stretch='normal', size='scalable')) = 0.05
2024-01-06 22:28:51,401 - matplotlib.font_manager - DEBUG - findfont: score(FontEntry(fname='/home/zfrancis/.local/lib/python3.8/site-packages/matplotlib/mpl-data/fonts/ttf/STIXGeneralBolIta.ttf', name='STIXGeneral', style='italic', variant='normal', weight=700, stretch='normal', size='scalable')) = 11.05
2024-01-06 22:28:51,401 - matplotlib.font_manager - DEBUG - findfont: score(FontEntry(fname='/home/zfrancis/.local/lib/python3.8/site-packages/matplotlib/mpl-data/fonts/ttf/cmex10.ttf', name='cmex10', style='normal', variant='normal', weight=400, stretch='normal', size='scalable')) = 10.335
2024-01-06 22:28:51,401 - matplotlib.font_manager - DEBUG - findfont: score(FontEntry(fname='/home/zfrancis/.local/lib/python3.8/site-packages/matplotlib/mpl-data/fonts/ttf/STIXSizOneSymBol.ttf', name='STIXSizeOneSym', style='normal', variant='normal', weight=700, stretch='normal', size='scalable')) = 10.05
2024-01-06 22:28:51,401 - matplotlib.font_manager - DEBUG - findfont: score(FontEntry(fname='/home/zfrancis/.local/lib/python3.8/site-packages/matplotlib/mpl-data/fonts/ttf/STIXSizThreeSymReg.ttf', name='STIXSizeThreeSym', style='normal', variant='normal', weight=400, stretch='normal', size='scalable')) = 10.335
2024-01-06 22:28:51,402 - matplotlib.font_manager - DEBUG - findfont: score(FontEntry(fname='/home/zfrancis/.local/lib/python3.8/site-packages/matplotlib/mpl-data/fonts/ttf/DejaVuSerif-Bold.ttf', name='DejaVu Serif', style='normal', variant='normal', weight=700, stretch='normal', size='scalable')) = 10.05
2024-01-06 22:28:51,402 - matplotlib.font_manager - DEBUG - findfont: score(FontEntry(fname='/home/zfrancis/.local/lib/python3.8/site-packages/matplotlib/mpl-data/fonts/ttf/STIXSizThreeSymBol.ttf', name='STIXSizeThreeSym', style='normal', variant='normal', weight=700, stretch='normal', size='scalable')) = 10.05
2024-01-06 22:28:51,402 - matplotlib.font_manager - DEBUG - findfont: score(FontEntry(fname='/home/zfrancis/.local/lib/python3.8/site-packages/matplotlib/mpl-data/fonts/ttf/DejaVuSerifDisplay.ttf', name='DejaVu Serif Display', style='normal', variant='normal', weight=400, stretch='normal', size='scalable')) = 10.335
2024-01-06 22:28:51,402 - matplotlib.font_manager - DEBUG - findfont: score(FontEntry(fname='/home/zfrancis/.local/lib/python3.8/site-packages/matplotlib/mpl-data/fonts/ttf/DejaVuSansMono-BoldOblique.ttf', name='DejaVu Sans Mono', style='oblique', variant='normal', weight=700, stretch='normal', size='scalable')) = 11.05
2024-01-06 22:28:51,402 - matplotlib.font_manager - DEBUG - findfont: score(FontEntry(fname='/home/zfrancis/.local/lib/python3.8/site-packages/matplotlib/mpl-data/fonts/ttf/DejaVuSansMono.ttf', name='DejaVu Sans Mono', style='normal', variant='normal', weight=400, stretch='normal', size='scalable')) = 10.335
2024-01-06 22:28:51,402 - matplotlib.font_manager - DEBUG - findfont: score(FontEntry(fname='/home/zfrancis/.local/lib/python3.8/site-packages/matplotlib/mpl-data/fonts/ttf/STIXNonUniBol.ttf', name='STIXNonUnicode', style='normal', variant='normal', weight=700, stretch='normal', size='scalable')) = 10.05
2024-01-06 22:28:51,403 - matplotlib.font_manager - DEBUG - findfont: score(FontEntry(fname='/home/zfrancis/.local/lib/python3.8/site-packages/matplotlib/mpl-data/fonts/ttf/DejaVuSansMono-Bold.ttf', name='DejaVu Sans Mono', style='normal', variant='normal', weight=700, stretch='normal', size='scalable')) = 10.05
2024-01-06 22:28:51,403 - matplotlib.font_manager - DEBUG - findfont: score(FontEntry(fname='/home/zfrancis/.local/lib/python3.8/site-packages/matplotlib/mpl-data/fonts/ttf/cmss10.ttf', name='cmss10', style='normal', variant='normal', weight=400, stretch='normal', size='scalable')) = 10.335
2024-01-06 22:28:51,403 - matplotlib.font_manager - DEBUG - findfont: score(FontEntry(fname='/usr/share/fonts/truetype/dejavu/DejaVuSans.ttf', name='DejaVu Sans', style='normal', variant='normal', weight=400, stretch='normal', size='scalable')) = 0.33499999999999996
2024-01-06 22:28:51,403 - matplotlib.font_manager - DEBUG - findfont: score(FontEntry(fname='/usr/share/fonts/truetype/dejavu/DejaVuSerif-Bold.ttf', name='DejaVu Serif', style='normal', variant='normal', weight=700, stretch='normal', size='scalable')) = 10.05
2024-01-06 22:28:51,403 - matplotlib.font_manager - DEBUG - findfont: score(FontEntry(fname='/usr/share/fonts/truetype/dejavu/DejaVuSansMono.ttf', name='DejaVu Sans Mono', style='normal', variant='normal', weight=400, stretch='normal', size='scalable')) = 10.335
2024-01-06 22:28:51,403 - matplotlib.font_manager - DEBUG - findfont: score(FontEntry(fname='/usr/share/fonts/truetype/dejavu/DejaVuSerif.ttf', name='DejaVu Serif', style='normal', variant='normal', weight=400, stretch='normal', size='scalable')) = 10.335
2024-01-06 22:28:51,403 - matplotlib.font_manager - DEBUG - findfont: score(FontEntry(fname='/usr/share/fonts/truetype/dejavu/DejaVuSans-Bold.ttf', name='DejaVu Sans', style='normal', variant='normal', weight=700, stretch='normal', size='scalable')) = 0.05
2024-01-06 22:28:51,404 - matplotlib.font_manager - DEBUG - findfont: score(FontEntry(fname='/usr/share/fonts/truetype/dejavu/DejaVuSansMono-Bold.ttf', name='DejaVu Sans Mono', style='normal', variant='normal', weight=700, stretch='normal', size='scalable')) = 10.05
2024-01-06 22:28:51,404 - matplotlib.font_manager - DEBUG - findfont: Matching sans\-serif:style=normal:variant=normal:weight=bold:stretch=normal:size=12.0 to DejaVu Sans ('/home/zfrancis/.local/lib/python3.8/site-packages/matplotlib/mpl-data/fonts/ttf/DejaVuSans-Bold.ttf') with score of 0.050000.
