[INFO][2024-01-06 22:18:53,568][root] Initializing a rabies analyzer object
[WARNING][2024-01-06 22:18:53,570][root] Invalid year in data for India on line 92
[WARNING][2024-01-06 22:18:53,570][root] Invalid year in data for Indonesia on line 100
[WARNING][2024-01-06 22:18:53,571][root] Invalid year in data for Myanmar on line 141
[INFO][2024-01-06 22:18:53,571][root] Processed 217 lines and created 410 RabiesInfo objects
[INFO][2024-01-06 22:18:53,574][root] Outputting data to pep_effectiveness.csv
[DEBUG][2024-01-06 22:18:53,628][PIL.PngImagePlugin] STREAM b'IHDR' 16 13
[DEBUG][2024-01-06 22:18:53,628][PIL.PngImagePlugin] STREAM b'sBIT' 41 4
[DEBUG][2024-01-06 22:18:53,629][PIL.PngImagePlugin] b'sBIT' 41 4 (unknown)
[DEBUG][2024-01-06 22:18:53,629][PIL.PngImagePlugin] STREAM b'pHYs' 57 9
[DEBUG][2024-01-06 22:18:53,629][PIL.PngImagePlugin] STREAM b'IDAT' 78 374
[DEBUG][2024-01-06 22:18:53,631][PIL.PngImagePlugin] STREAM b'IHDR' 16 13
[DEBUG][2024-01-06 22:18:53,632][PIL.PngImagePlugin] STREAM b'sBIT' 41 4
[DEBUG][2024-01-06 22:18:53,632][PIL.PngImagePlugin] b'sBIT' 41 4 (unknown)
[DEBUG][2024-01-06 22:18:53,632][PIL.PngImagePlugin] STREAM b'pHYs' 57 9
[DEBUG][2024-01-06 22:18:53,632][PIL.PngImagePlugin] STREAM b'IDAT' 78 286
[DEBUG][2024-01-06 22:18:53,633][PIL.PngImagePlugin] STREAM b'IHDR' 16 13
[DEBUG][2024-01-06 22:18:53,633][PIL.PngImagePlugin] STREAM b'sBIT' 41 4
[DEBUG][2024-01-06 22:18:53,633][PIL.PngImagePlugin] b'sBIT' 41 4 (unknown)
[DEBUG][2024-01-06 22:18:53,633][PIL.PngImagePlugin] STREAM b'pHYs' 57 9
[DEBUG][2024-01-06 22:18:53,633][PIL.PngImagePlugin] STREAM b'IDAT' 78 263
[DEBUG][2024-01-06 22:18:53,634][PIL.PngImagePlugin] STREAM b'IHDR' 16 13
[DEBUG][2024-01-06 22:18:53,634][PIL.PngImagePlugin] STREAM b'sBIT' 41 4
[DEBUG][2024-01-06 22:18:53,634][PIL.PngImagePlugin] b'sBIT' 41 4 (unknown)
[DEBUG][2024-01-06 22:18:53,634][PIL.PngImagePlugin] STREAM b'pHYs' 57 9
[DEBUG][2024-01-06 22:18:53,635][PIL.PngImagePlugin] STREAM b'IDAT' 78 387
[DEBUG][2024-01-06 22:18:53,635][PIL.PngImagePlugin] STREAM b'IHDR' 16 13
[DEBUG][2024-01-06 22:18:53,635][PIL.PngImagePlugin] STREAM b'sBIT' 41 4
[DEBUG][2024-01-06 22:18:53,635][PIL.PngImagePlugin] b'sBIT' 41 4 (unknown)
[DEBUG][2024-01-06 22:18:53,635][PIL.PngImagePlugin] STREAM b'pHYs' 57 9
[DEBUG][2024-01-06 22:18:53,636][PIL.PngImagePlugin] STREAM b'IDAT' 78 436
[DEBUG][2024-01-06 22:18:53,636][PIL.PngImagePlugin] STREAM b'IHDR' 16 13
[DEBUG][2024-01-06 22:18:53,636][PIL.PngImagePlugin] STREAM b'sBIT' 41 4
[DEBUG][2024-01-06 22:18:53,636][PIL.PngImagePlugin] b'sBIT' 41 4 (unknown)
[DEBUG][2024-01-06 22:18:53,637][PIL.PngImagePlugin] STREAM b'pHYs' 57 9
[DEBUG][2024-01-06 22:18:53,637][PIL.PngImagePlugin] STREAM b'IDAT' 78 351
[DEBUG][2024-01-06 22:18:53,637][PIL.PngImagePlugin] STREAM b'IHDR' 16 13
[DEBUG][2024-01-06 22:18:53,637][PIL.PngImagePlugin] STREAM b'sBIT' 41 4
[DEBUG][2024-01-06 22:18:53,637][PIL.PngImagePlugin] b'sBIT' 41 4 (unknown)
[DEBUG][2024-01-06 22:18:53,638][PIL.PngImagePlugin] STREAM b'pHYs' 57 9
[DEBUG][2024-01-06 22:18:53,638][PIL.PngImagePlugin] STREAM b'IDAT' 78 364
[DEBUG][2024-01-06 22:18:53,640][matplotlib.font_manager] findfont: Matching sans\-serif:style=normal:variant=normal:weight=normal:stretch=normal:size=10.0.
[DEBUG][2024-01-06 22:18:53,640][matplotlib.font_manager] findfont: score(FontEntry(fname='/home/zfrancis/.local/lib/python3.8/site-packages/matplotlib/mpl-data/fonts/ttf/cmb10.ttf', name='cmb10', style='normal', variant='normal', weight=400, stretch='normal', size='scalable')) = 10.05
[DEBUG][2024-01-06 22:18:53,640][matplotlib.font_manager] findfont: score(FontEntry(fname='/home/zfrancis/.local/lib/python3.8/site-packages/matplotlib/mpl-data/fonts/ttf/DejaVuSerif-BoldItalic.ttf', name='DejaVu Serif', style='italic', variant='normal', weight=700, stretch='normal', size='scalable')) = 11.335
[DEBUG][2024-01-06 22:18:53,640][matplotlib.font_manager] findfont: score(FontEntry(fname='/home/zfrancis/.local/lib/python3.8/site-packages/matplotlib/mpl-data/fonts/ttf/STIXGeneralItalic.ttf', name='STIXGeneral', style='italic', variant='normal', weight=400, stretch='normal', size='scalable')) = 11.05
[DEBUG][2024-01-06 22:18:53,640][matplotlib.font_manager] findfont: score(FontEntry(fname='/home/zfrancis/.local/lib/python3.8/site-packages/matplotlib/mpl-data/fonts/ttf/STIXGeneral.ttf', name='STIXGeneral', style='normal', variant='normal', weight=400, stretch='normal', size='scalable')) = 10.05
[DEBUG][2024-01-06 22:18:53,641][matplotlib.font_manager] findfont: score(FontEntry(fname='/home/zfrancis/.local/lib/python3.8/site-packages/matplotlib/mpl-data/fonts/ttf/STIXNonUniIta.ttf', name='STIXNonUnicode', style='italic', variant='normal', weight=400, stretch='normal', size='scalable')) = 11.05
[DEBUG][2024-01-06 22:18:53,641][matplotlib.font_manager] findfont: score(FontEntry(fname='/home/zfrancis/.local/lib/python3.8/site-packages/matplotlib/mpl-data/fonts/ttf/STIXSizFourSymBol.ttf', name='STIXSizeFourSym', style='normal', variant='normal', weight=700, stretch='normal', size='scalable')) = 10.335
[DEBUG][2024-01-06 22:18:53,641][matplotlib.font_manager] findfont: score(FontEntry(fname='/home/zfrancis/.local/lib/python3.8/site-packages/matplotlib/mpl-data/fonts/ttf/DejaVuSansDisplay.ttf', name='DejaVu Sans Display', style='normal', variant='normal', weight=400, stretch='normal', size='scalable')) = 10.05
[DEBUG][2024-01-06 22:18:53,641][matplotlib.font_manager] findfont: score(FontEntry(fname='/home/zfrancis/.local/lib/python3.8/site-packages/matplotlib/mpl-data/fonts/ttf/STIXNonUniBolIta.ttf', name='STIXNonUnicode', style='italic', variant='normal', weight=700, stretch='normal', size='scalable')) = 11.335
[DEBUG][2024-01-06 22:18:53,641][matplotlib.font_manager] findfont: score(FontEntry(fname='/home/zfrancis/.local/lib/python3.8/site-packages/matplotlib/mpl-data/fonts/ttf/STIXNonUni.ttf', name='STIXNonUnicode', style='normal', variant='normal', weight=400, stretch='normal', size='scalable')) = 10.05
[DEBUG][2024-01-06 22:18:53,641][matplotlib.font_manager] findfont: score(FontEntry(fname='/home/zfrancis/.local/lib/python3.8/site-packages/matplotlib/mpl-data/fonts/ttf/STIXSizTwoSymBol.ttf', name='STIXSizeTwoSym', style='normal', variant='normal', weight=700, stretch='normal', size='scalable')) = 10.335
[DEBUG][2024-01-06 22:18:53,642][matplotlib.font_manager] findfont: score(FontEntry(fname='/home/zfrancis/.local/lib/python3.8/site-packages/matplotlib/mpl-data/fonts/ttf/DejaVuSerif-Italic.ttf', name='DejaVu Serif', style='italic', variant='normal', weight=400, stretch='normal', size='scalable')) = 11.05
[DEBUG][2024-01-06 22:18:53,642][matplotlib.font_manager] findfont: score(FontEntry(fname='/home/zfrancis/.local/lib/python3.8/site-packages/matplotlib/mpl-data/fonts/ttf/STIXGeneralBol.ttf', name='STIXGeneral', style='normal', variant='normal', weight=700, stretch='normal', size='scalable')) = 10.335
[DEBUG][2024-01-06 22:18:53,642][matplotlib.font_manager] findfont: score(FontEntry(fname='/home/zfrancis/.local/lib/python3.8/site-packages/matplotlib/mpl-data/fonts/ttf/DejaVuSerif.ttf', name='DejaVu Serif', style='normal', variant='normal', weight=400, stretch='normal', size='scalable')) = 10.05
[DEBUG][2024-01-06 22:18:53,642][matplotlib.font_manager] findfont: score(FontEntry(fname='/home/zfrancis/.local/lib/python3.8/site-packages/matplotlib/mpl-data/fonts/ttf/STIXSizOneSymReg.ttf', name='STIXSizeOneSym', style='normal', variant='normal', weight=400, stretch='normal', size='scalable')) = 10.05
[DEBUG][2024-01-06 22:18:53,642][matplotlib.font_manager] findfont: score(FontEntry(fname='/home/zfrancis/.local/lib/python3.8/site-packages/matplotlib/mpl-data/fonts/ttf/DejaVuSansMono-Oblique.ttf', name='DejaVu Sans Mono', style='oblique', variant='normal', weight=400, stretch='normal', size='scalable')) = 11.05
[DEBUG][2024-01-06 22:18:53,642][matplotlib.font_manager] findfont: score(FontEntry(fname='/home/zfrancis/.local/lib/python3.8/site-packages/matplotlib/mpl-data/fonts/ttf/cmmi10.ttf', name='cmmi10', style='normal', variant='normal', weight=400, stretch='normal', size='scalable')) = 10.05
[DEBUG][2024-01-06 22:18:53,643][matplotlib.font_manager] findfont: score(FontEntry(fname='/home/zfrancis/.local/lib/python3.8/site-packages/matplotlib/mpl-data/fonts/ttf/STIXSizTwoSymReg.ttf', name='STIXSizeTwoSym', style='normal', variant='normal', weight=400, stretch='normal', size='scalable')) = 10.05
[DEBUG][2024-01-06 22:18:53,643][matplotlib.font_manager] findfont: score(FontEntry(fname='/home/zfrancis/.local/lib/python3.8/site-packages/matplotlib/mpl-data/fonts/ttf/cmr10.ttf', name='cmr10', style='normal', variant='normal', weight=400, stretch='normal', size='scalable')) = 10.05
[DEBUG][2024-01-06 22:18:53,643][matplotlib.font_manager] findfont: score(FontEntry(fname='/home/zfrancis/.local/lib/python3.8/site-packages/matplotlib/mpl-data/fonts/ttf/DejaVuSans.ttf', name='DejaVu Sans', style='normal', variant='normal', weight=400, stretch='normal', size='scalable')) = 0.05
[DEBUG][2024-01-06 22:18:53,643][matplotlib.font_manager] findfont: score(FontEntry(fname='/home/zfrancis/.local/lib/python3.8/site-packages/matplotlib/mpl-data/fonts/ttf/cmsy10.ttf', name='cmsy10', style='normal', variant='normal', weight=400, stretch='normal', size='scalable')) = 10.05
[DEBUG][2024-01-06 22:18:53,643][matplotlib.font_manager] findfont: score(FontEntry(fname='/home/zfrancis/.local/lib/python3.8/site-packages/matplotlib/mpl-data/fonts/ttf/DejaVuSans-BoldOblique.ttf', name='DejaVu Sans', style='oblique', variant='normal', weight=700, stretch='normal', size='scalable')) = 1.335
[DEBUG][2024-01-06 22:18:53,643][matplotlib.font_manager] findfont: score(FontEntry(fname='/home/zfrancis/.local/lib/python3.8/site-packages/matplotlib/mpl-data/fonts/ttf/DejaVuSans-Oblique.ttf', name='DejaVu Sans', style='oblique', variant='normal', weight=400, stretch='normal', size='scalable')) = 1.05
[DEBUG][2024-01-06 22:18:53,644][matplotlib.font_manager] findfont: score(FontEntry(fname='/home/zfrancis/.local/lib/python3.8/site-packages/matplotlib/mpl-data/fonts/ttf/cmtt10.ttf', name='cmtt10', style='normal', variant='normal', weight=400, stretch='normal', size='scalable')) = 10.05
[DEBUG][2024-01-06 22:18:53,644][matplotlib.font_manager] findfont: score(FontEntry(fname='/home/zfrancis/.local/lib/python3.8/site-packages/matplotlib/mpl-data/fonts/ttf/STIXSizFiveSymReg.ttf', name='STIXSizeFiveSym', style='normal', variant='normal', weight=400, stretch='normal', size='scalable')) = 10.05
[DEBUG][2024-01-06 22:18:53,644][matplotlib.font_manager] findfont: score(FontEntry(fname='/home/zfrancis/.local/lib/python3.8/site-packages/matplotlib/mpl-data/fonts/ttf/STIXSizFourSymReg.ttf', name='STIXSizeFourSym', style='normal', variant='normal', weight=400, stretch='normal', size='scalable')) = 10.05
[DEBUG][2024-01-06 22:18:53,644][matplotlib.font_manager] findfont: score(FontEntry(fname='/home/zfrancis/.local/lib/python3.8/site-packages/matplotlib/mpl-data/fonts/ttf/DejaVuSans-Bold.ttf', name='DejaVu Sans', style='normal', variant='normal', weight=700, stretch='normal', size='scalable')) = 0.33499999999999996
[DEBUG][2024-01-06 22:18:53,644][matplotlib.font_manager] findfont: score(FontEntry(fname='/home/zfrancis/.local/lib/python3.8/site-packages/matplotlib/mpl-data/fonts/ttf/STIXGeneralBolIta.ttf', name='STIXGeneral', style='italic', variant='normal', weight=700, stretch='normal', size='scalable')) = 11.335
[DEBUG][2024-01-06 22:18:53,644][matplotlib.font_manager] findfont: score(FontEntry(fname='/home/zfrancis/.local/lib/python3.8/site-packages/matplotlib/mpl-data/fonts/ttf/cmex10.ttf', name='cmex10', style='normal', variant='normal', weight=400, stretch='normal', size='scalable')) = 10.05
[DEBUG][2024-01-06 22:18:53,645][matplotlib.font_manager] findfont: score(FontEntry(fname='/home/zfrancis/.local/lib/python3.8/site-packages/matplotlib/mpl-data/fonts/ttf/STIXSizOneSymBol.ttf', name='STIXSizeOneSym', style='normal', variant='normal', weight=700, stretch='normal', size='scalable')) = 10.335
[DEBUG][2024-01-06 22:18:53,645][matplotlib.font_manager] findfont: score(FontEntry(fname='/home/zfrancis/.local/lib/python3.8/site-packages/matplotlib/mpl-data/fonts/ttf/STIXSizThreeSymReg.ttf', name='STIXSizeThreeSym', style='normal', variant='normal', weight=400, stretch='normal', size='scalable')) = 10.05
[DEBUG][2024-01-06 22:18:53,645][matplotlib.font_manager] findfont: score(FontEntry(fname='/home/zfrancis/.local/lib/python3.8/site-packages/matplotlib/mpl-data/fonts/ttf/DejaVuSerif-Bold.ttf', name='DejaVu Serif', style='normal', variant='normal', weight=700, stretch='normal', size='scalable')) = 10.335
[DEBUG][2024-01-06 22:18:53,645][matplotlib.font_manager] findfont: score(FontEntry(fname='/home/zfrancis/.local/lib/python3.8/site-packages/matplotlib/mpl-data/fonts/ttf/STIXSizThreeSymBol.ttf', name='STIXSizeThreeSym', style='normal', variant='normal', weight=700, stretch='normal', size='scalable')) = 10.335
[DEBUG][2024-01-06 22:18:53,645][matplotlib.font_manager] findfont: score(FontEntry(fname='/home/zfrancis/.local/lib/python3.8/site-packages/matplotlib/mpl-data/fonts/ttf/DejaVuSerifDisplay.ttf', name='DejaVu Serif Display', style='normal', variant='normal', weight=400, stretch='normal', size='scalable')) = 10.05
[DEBUG][2024-01-06 22:18:53,645][matplotlib.font_manager] findfont: score(FontEntry(fname='/home/zfrancis/.local/lib/python3.8/site-packages/matplotlib/mpl-data/fonts/ttf/DejaVuSansMono-BoldOblique.ttf', name='DejaVu Sans Mono', style='oblique', variant='normal', weight=700, stretch='normal', size='scalable')) = 11.335
[DEBUG][2024-01-06 22:18:53,645][matplotlib.font_manager] findfont: score(FontEntry(fname='/home/zfrancis/.local/lib/python3.8/site-packages/matplotlib/mpl-data/fonts/ttf/DejaVuSansMono.ttf', name='DejaVu Sans Mono', style='normal', variant='normal', weight=400, stretch='normal', size='scalable')) = 10.05
[DEBUG][2024-01-06 22:18:53,646][matplotlib.font_manager] findfont: score(FontEntry(fname='/home/zfrancis/.local/lib/python3.8/site-packages/matplotlib/mpl-data/fonts/ttf/STIXNonUniBol.ttf', name='STIXNonUnicode', style='normal', variant='normal', weight=700, stretch='normal', size='scalable')) = 10.335
[DEBUG][2024-01-06 22:18:53,646][matplotlib.font_manager] findfont: score(FontEntry(fname='/home/zfrancis/.local/lib/python3.8/site-packages/matplotlib/mpl-data/fonts/ttf/DejaVuSansMono-Bold.ttf', name='DejaVu Sans Mono', style='normal', variant='normal', weight=700, stretch='normal', size='scalable')) = 10.335
[DEBUG][2024-01-06 22:18:53,646][matplotlib.font_manager] findfont: score(FontEntry(fname='/home/zfrancis/.local/lib/python3.8/site-packages/matplotlib/mpl-data/fonts/ttf/cmss10.ttf', name='cmss10', style='normal', variant='normal', weight=400, stretch='normal', size='scalable')) = 10.05
[DEBUG][2024-01-06 22:18:53,646][matplotlib.font_manager] findfont: score(FontEntry(fname='/usr/share/fonts/truetype/dejavu/DejaVuSans.ttf', name='DejaVu Sans', style='normal', variant='normal', weight=400, stretch='normal', size='scalable')) = 0.05
[DEBUG][2024-01-06 22:18:53,646][matplotlib.font_manager] findfont: score(FontEntry(fname='/usr/share/fonts/truetype/dejavu/DejaVuSerif-Bold.ttf', name='DejaVu Serif', style='normal', variant='normal', weight=700, stretch='normal', size='scalable')) = 10.335
[DEBUG][2024-01-06 22:18:53,647][matplotlib.font_manager] findfont: score(FontEntry(fname='/usr/share/fonts/truetype/dejavu/DejaVuSansMono.ttf', name='DejaVu Sans Mono', style='normal', variant='normal', weight=400, stretch='normal', size='scalable')) = 10.05
[DEBUG][2024-01-06 22:18:53,647][matplotlib.font_manager] findfont: score(FontEntry(fname='/usr/share/fonts/truetype/dejavu/DejaVuSerif.ttf', name='DejaVu Serif', style='normal', variant='normal', weight=400, stretch='normal', size='scalable')) = 10.05
[DEBUG][2024-01-06 22:18:53,647][matplotlib.font_manager] findfont: score(FontEntry(fname='/usr/share/fonts/truetype/dejavu/DejaVuSans-Bold.ttf', name='DejaVu Sans', style='normal', variant='normal', weight=700, stretch='normal', size='scalable')) = 0.33499999999999996
[DEBUG][2024-01-06 22:18:53,647][matplotlib.font_manager] findfont: score(FontEntry(fname='/usr/share/fonts/truetype/dejavu/DejaVuSansMono-Bold.ttf', name='DejaVu Sans Mono', style='normal', variant='normal', weight=700, stretch='normal', size='scalable')) = 10.335
[DEBUG][2024-01-06 22:18:53,648][matplotlib.font_manager] findfont: Matching sans\-serif:style=normal:variant=normal:weight=normal:stretch=normal:size=10.0 to DejaVu Sans ('/home/zfrancis/.local/lib/python3.8/site-packages/matplotlib/mpl-data/fonts/ttf/DejaVuSans.ttf') with score of 0.050000.
[DEBUG][2024-01-06 22:18:53,663][matplotlib.font_manager] findfont: Matching sans\-serif:style=normal:variant=normal:weight=normal:stretch=normal:size=10.0.
[DEBUG][2024-01-06 22:18:53,664][matplotlib.font_manager] findfont: score(FontEntry(fname='/home/zfrancis/.local/lib/python3.8/site-packages/matplotlib/mpl-data/fonts/ttf/cmb10.ttf', name='cmb10', style='normal', variant='normal', weight=400, stretch='normal', size='scalable')) = 10.05
[DEBUG][2024-01-06 22:18:53,664][matplotlib.font_manager] findfont: score(FontEntry(fname='/home/zfrancis/.local/lib/python3.8/site-packages/matplotlib/mpl-data/fonts/ttf/DejaVuSerif-BoldItalic.ttf', name='DejaVu Serif', style='italic', variant='normal', weight=700, stretch='normal', size='scalable')) = 11.335
[DEBUG][2024-01-06 22:18:53,664][matplotlib.font_manager] findfont: score(FontEntry(fname='/home/zfrancis/.local/lib/python3.8/site-packages/matplotlib/mpl-data/fonts/ttf/STIXGeneralItalic.ttf', name='STIXGeneral', style='italic', variant='normal', weight=400, stretch='normal', size='scalable')) = 11.05
[DEBUG][2024-01-06 22:18:53,665][matplotlib.font_manager] findfont: score(FontEntry(fname='/home/zfrancis/.local/lib/python3.8/site-packages/matplotlib/mpl-data/fonts/ttf/STIXGeneral.ttf', name='STIXGeneral', style='normal', variant='normal', weight=400, stretch='normal', size='scalable')) = 10.05
[DEBUG][2024-01-06 22:18:53,665][matplotlib.font_manager] findfont: score(FontEntry(fname='/home/zfrancis/.local/lib/python3.8/site-packages/matplotlib/mpl-data/fonts/ttf/STIXNonUniIta.ttf', name='STIXNonUnicode', style='italic', variant='normal', weight=400, stretch='normal', size='scalable')) = 11.05
[DEBUG][2024-01-06 22:18:53,665][matplotlib.font_manager] findfont: score(FontEntry(fname='/home/zfrancis/.local/lib/python3.8/site-packages/matplotlib/mpl-data/fonts/ttf/STIXSizFourSymBol.ttf', name='STIXSizeFourSym', style='normal', variant='normal', weight=700, stretch='normal', size='scalable')) = 10.335
[DEBUG][2024-01-06 22:18:53,665][matplotlib.font_manager] findfont: score(FontEntry(fname='/home/zfrancis/.local/lib/python3.8/site-packages/matplotlib/mpl-data/fonts/ttf/DejaVuSansDisplay.ttf', name='DejaVu Sans Display', style='normal', variant='normal', weight=400, stretch='normal', size='scalable')) = 10.05
[DEBUG][2024-01-06 22:18:53,665][matplotlib.font_manager] findfont: score(FontEntry(fname='/home/zfrancis/.local/lib/python3.8/site-packages/matplotlib/mpl-data/fonts/ttf/STIXNonUniBolIta.ttf', name='STIXNonUnicode', style='italic', variant='normal', weight=700, stretch='normal', size='scalable')) = 11.335
[DEBUG][2024-01-06 22:18:53,665][matplotlib.font_manager] findfont: score(FontEntry(fname='/home/zfrancis/.local/lib/python3.8/site-packages/matplotlib/mpl-data/fonts/ttf/STIXNonUni.ttf', name='STIXNonUnicode', style='normal', variant='normal', weight=400, stretch='normal', size='scalable')) = 10.05
[DEBUG][2024-01-06 22:18:53,666][matplotlib.font_manager] findfont: score(FontEntry(fname='/home/zfrancis/.local/lib/python3.8/site-packages/matplotlib/mpl-data/fonts/ttf/STIXSizTwoSymBol.ttf', name='STIXSizeTwoSym', style='normal', variant='normal', weight=700, stretch='normal', size='scalable')) = 10.335
[DEBUG][2024-01-06 22:18:53,666][matplotlib.font_manager] findfont: score(FontEntry(fname='/home/zfrancis/.local/lib/python3.8/site-packages/matplotlib/mpl-data/fonts/ttf/DejaVuSerif-Italic.ttf', name='DejaVu Serif', style='italic', variant='normal', weight=400, stretch='normal', size='scalable')) = 11.05
[DEBUG][2024-01-06 22:18:53,666][matplotlib.font_manager] findfont: score(FontEntry(fname='/home/zfrancis/.local/lib/python3.8/site-packages/matplotlib/mpl-data/fonts/ttf/STIXGeneralBol.ttf', name='STIXGeneral', style='normal', variant='normal', weight=700, stretch='normal', size='scalable')) = 10.335
[DEBUG][2024-01-06 22:18:53,666][matplotlib.font_manager] findfont: score(FontEntry(fname='/home/zfrancis/.local/lib/python3.8/site-packages/matplotlib/mpl-data/fonts/ttf/DejaVuSerif.ttf', name='DejaVu Serif', style='normal', variant='normal', weight=400, stretch='normal', size='scalable')) = 10.05
[DEBUG][2024-01-06 22:18:53,666][matplotlib.font_manager] findfont: score(FontEntry(fname='/home/zfrancis/.local/lib/python3.8/site-packages/matplotlib/mpl-data/fonts/ttf/STIXSizOneSymReg.ttf', name='STIXSizeOneSym', style='normal', variant='normal', weight=400, stretch='normal', size='scalable')) = 10.05
[DEBUG][2024-01-06 22:18:53,666][matplotlib.font_manager] findfont: score(FontEntry(fname='/home/zfrancis/.local/lib/python3.8/site-packages/matplotlib/mpl-data/fonts/ttf/DejaVuSansMono-Oblique.ttf', name='DejaVu Sans Mono', style='oblique', variant='normal', weight=400, stretch='normal', size='scalable')) = 11.05
[DEBUG][2024-01-06 22:18:53,666][matplotlib.font_manager] findfont: score(FontEntry(fname='/home/zfrancis/.local/lib/python3.8/site-packages/matplotlib/mpl-data/fonts/ttf/cmmi10.ttf', name='cmmi10', style='normal', variant='normal', weight=400, stretch='normal', size='scalable')) = 10.05
[DEBUG][2024-01-06 22:18:53,667][matplotlib.font_manager] findfont: score(FontEntry(fname='/home/zfrancis/.local/lib/python3.8/site-packages/matplotlib/mpl-data/fonts/ttf/STIXSizTwoSymReg.ttf', name='STIXSizeTwoSym', style='normal', variant='normal', weight=400, stretch='normal', size='scalable')) = 10.05
[DEBUG][2024-01-06 22:18:53,667][matplotlib.font_manager] findfont: score(FontEntry(fname='/home/zfrancis/.local/lib/python3.8/site-packages/matplotlib/mpl-data/fonts/ttf/cmr10.ttf', name='cmr10', style='normal', variant='normal', weight=400, stretch='normal', size='scalable')) = 10.05
[DEBUG][2024-01-06 22:18:53,667][matplotlib.font_manager] findfont: score(FontEntry(fname='/home/zfrancis/.local/lib/python3.8/site-packages/matplotlib/mpl-data/fonts/ttf/DejaVuSans.ttf', name='DejaVu Sans', style='normal', variant='normal', weight=400, stretch='normal', size='scalable')) = 0.05
[DEBUG][2024-01-06 22:18:53,667][matplotlib.font_manager] findfont: score(FontEntry(fname='/home/zfrancis/.local/lib/python3.8/site-packages/matplotlib/mpl-data/fonts/ttf/cmsy10.ttf', name='cmsy10', style='normal', variant='normal', weight=400, stretch='normal', size='scalable')) = 10.05
[DEBUG][2024-01-06 22:18:53,667][matplotlib.font_manager] findfont: score(FontEntry(fname='/home/zfrancis/.local/lib/python3.8/site-packages/matplotlib/mpl-data/fonts/ttf/DejaVuSans-BoldOblique.ttf', name='DejaVu Sans', style='oblique', variant='normal', weight=700, stretch='normal', size='scalable')) = 1.335
[DEBUG][2024-01-06 22:18:53,667][matplotlib.font_manager] findfont: score(FontEntry(fname='/home/zfrancis/.local/lib/python3.8/site-packages/matplotlib/mpl-data/fonts/ttf/DejaVuSans-Oblique.ttf', name='DejaVu Sans', style='oblique', variant='normal', weight=400, stretch='normal', size='scalable')) = 1.05
[DEBUG][2024-01-06 22:18:53,668][matplotlib.font_manager] findfont: score(FontEntry(fname='/home/zfrancis/.local/lib/python3.8/site-packages/matplotlib/mpl-data/fonts/ttf/cmtt10.ttf', name='cmtt10', style='normal', variant='normal', weight=400, stretch='normal', size='scalable')) = 10.05
[DEBUG][2024-01-06 22:18:53,668][matplotlib.font_manager] findfont: score(FontEntry(fname='/home/zfrancis/.local/lib/python3.8/site-packages/matplotlib/mpl-data/fonts/ttf/STIXSizFiveSymReg.ttf', name='STIXSizeFiveSym', style='normal', variant='normal', weight=400, stretch='normal', size='scalable')) = 10.05
[DEBUG][2024-01-06 22:18:53,668][matplotlib.font_manager] findfont: score(FontEntry(fname='/home/zfrancis/.local/lib/python3.8/site-packages/matplotlib/mpl-data/fonts/ttf/STIXSizFourSymReg.ttf', name='STIXSizeFourSym', style='normal', variant='normal', weight=400, stretch='normal', size='scalable')) = 10.05
[DEBUG][2024-01-06 22:18:53,668][matplotlib.font_manager] findfont: score(FontEntry(fname='/home/zfrancis/.local/lib/python3.8/site-packages/matplotlib/mpl-data/fonts/ttf/DejaVuSans-Bold.ttf', name='DejaVu Sans', style='normal', variant='normal', weight=700, stretch='normal', size='scalable')) = 0.33499999999999996
[DEBUG][2024-01-06 22:18:53,668][matplotlib.font_manager] findfont: score(FontEntry(fname='/home/zfrancis/.local/lib/python3.8/site-packages/matplotlib/mpl-data/fonts/ttf/STIXGeneralBolIta.ttf', name='STIXGeneral', style='italic', variant='normal', weight=700, stretch='normal', size='scalable')) = 11.335
[DEBUG][2024-01-06 22:18:53,668][matplotlib.font_manager] findfont: score(FontEntry(fname='/home/zfrancis/.local/lib/python3.8/site-packages/matplotlib/mpl-data/fonts/ttf/cmex10.ttf', name='cmex10', style='normal', variant='normal', weight=400, stretch='normal', size='scalable')) = 10.05
[DEBUG][2024-01-06 22:18:53,669][matplotlib.font_manager] findfont: score(FontEntry(fname='/home/zfrancis/.local/lib/python3.8/site-packages/matplotlib/mpl-data/fonts/ttf/STIXSizOneSymBol.ttf', name='STIXSizeOneSym', style='normal', variant='normal', weight=700, stretch='normal', size='scalable')) = 10.335
[DEBUG][2024-01-06 22:18:53,669][matplotlib.font_manager] findfont: score(FontEntry(fname='/home/zfrancis/.local/lib/python3.8/site-packages/matplotlib/mpl-data/fonts/ttf/STIXSizThreeSymReg.ttf', name='STIXSizeThreeSym', style='normal', variant='normal', weight=400, stretch='normal', size='scalable')) = 10.05
[DEBUG][2024-01-06 22:18:53,669][matplotlib.font_manager] findfont: score(FontEntry(fname='/home/zfrancis/.local/lib/python3.8/site-packages/matplotlib/mpl-data/fonts/ttf/DejaVuSerif-Bold.ttf', name='DejaVu Serif', style='normal', variant='normal', weight=700, stretch='normal', size='scalable')) = 10.335
[DEBUG][2024-01-06 22:18:53,669][matplotlib.font_manager] findfont: score(FontEntry(fname='/home/zfrancis/.local/lib/python3.8/site-packages/matplotlib/mpl-data/fonts/ttf/STIXSizThreeSymBol.ttf', name='STIXSizeThreeSym', style='normal', variant='normal', weight=700, stretch='normal', size='scalable')) = 10.335
[DEBUG][2024-01-06 22:18:53,669][matplotlib.font_manager] findfont: score(FontEntry(fname='/home/zfrancis/.local/lib/python3.8/site-packages/matplotlib/mpl-data/fonts/ttf/DejaVuSerifDisplay.ttf', name='DejaVu Serif Display', style='normal', variant='normal', weight=400, stretch='normal', size='scalable')) = 10.05
[DEBUG][2024-01-06 22:18:53,669][matplotlib.font_manager] findfont: score(FontEntry(fname='/home/zfrancis/.local/lib/python3.8/site-packages/matplotlib/mpl-data/fonts/ttf/DejaVuSansMono-BoldOblique.ttf', name='DejaVu Sans Mono', style='oblique', variant='normal', weight=700, stretch='normal', size='scalable')) = 11.335
[DEBUG][2024-01-06 22:18:53,669][matplotlib.font_manager] findfont: score(FontEntry(fname='/home/zfrancis/.local/lib/python3.8/site-packages/matplotlib/mpl-data/fonts/ttf/DejaVuSansMono.ttf', name='DejaVu Sans Mono', style='normal', variant='normal', weight=400, stretch='normal', size='scalable')) = 10.05
[DEBUG][2024-01-06 22:18:53,670][matplotlib.font_manager] findfont: score(FontEntry(fname='/home/zfrancis/.local/lib/python3.8/site-packages/matplotlib/mpl-data/fonts/ttf/STIXNonUniBol.ttf', name='STIXNonUnicode', style='normal', variant='normal', weight=700, stretch='normal', size='scalable')) = 10.335
[DEBUG][2024-01-06 22:18:53,670][matplotlib.font_manager] findfont: score(FontEntry(fname='/home/zfrancis/.local/lib/python3.8/site-packages/matplotlib/mpl-data/fonts/ttf/DejaVuSansMono-Bold.ttf', name='DejaVu Sans Mono', style='normal', variant='normal', weight=700, stretch='normal', size='scalable')) = 10.335
[DEBUG][2024-01-06 22:18:53,670][matplotlib.font_manager] findfont: score(FontEntry(fname='/home/zfrancis/.local/lib/python3.8/site-packages/matplotlib/mpl-data/fonts/ttf/cmss10.ttf', name='cmss10', style='normal', variant='normal', weight=400, stretch='normal', size='scalable')) = 10.05
[DEBUG][2024-01-06 22:18:53,670][matplotlib.font_manager] findfont: score(FontEntry(fname='/usr/share/fonts/truetype/dejavu/DejaVuSans.ttf', name='DejaVu Sans', style='normal', variant='normal', weight=400, stretch='normal', size='scalable')) = 0.05
[DEBUG][2024-01-06 22:18:53,670][matplotlib.font_manager] findfont: score(FontEntry(fname='/usr/share/fonts/truetype/dejavu/DejaVuSerif-Bold.ttf', name='DejaVu Serif', style='normal', variant='normal', weight=700, stretch='normal', size='scalable')) = 10.335
[DEBUG][2024-01-06 22:18:53,670][matplotlib.font_manager] findfont: score(FontEntry(fname='/usr/share/fonts/truetype/dejavu/DejaVuSansMono.ttf', name='DejaVu Sans Mono', style='normal', variant='normal', weight=400, stretch='normal', size='scalable')) = 10.05
[DEBUG][2024-01-06 22:18:53,670][matplotlib.font_manager] findfont: score(FontEntry(fname='/usr/share/fonts/truetype/dejavu/DejaVuSerif.ttf', name='DejaVu Serif', style='normal', variant='normal', weight=400, stretch='normal', size='scalable')) = 10.05
[DEBUG][2024-01-06 22:18:53,671][matplotlib.font_manager] findfont: score(FontEntry(fname='/usr/share/fonts/truetype/dejavu/DejaVuSans-Bold.ttf', name='DejaVu Sans', style='normal', variant='normal', weight=700, stretch='normal', size='scalable')) = 0.33499999999999996
[DEBUG][2024-01-06 22:18:53,671][matplotlib.font_manager] findfont: score(FontEntry(fname='/usr/share/fonts/truetype/dejavu/DejaVuSansMono-Bold.ttf', name='DejaVu Sans Mono', style='normal', variant='normal', weight=700, stretch='normal', size='scalable')) = 10.335
[DEBUG][2024-01-06 22:18:53,671][matplotlib.font_manager] findfont: Matching sans\-serif:style=normal:variant=normal:weight=normal:stretch=normal:size=10.0 to DejaVu Sans ('/home/zfrancis/.local/lib/python3.8/site-packages/matplotlib/mpl-data/fonts/ttf/DejaVuSans.ttf') with score of 0.050000.
[DEBUG][2024-01-06 22:18:53,703][matplotlib.font_manager] findfont: Matching sans\-serif:style=normal:variant=normal:weight=normal:stretch=normal:size=12.0.
[DEBUG][2024-01-06 22:18:53,704][matplotlib.font_manager] findfont: score(FontEntry(fname='/home/zfrancis/.local/lib/python3.8/site-packages/matplotlib/mpl-data/fonts/ttf/cmb10.ttf', name='cmb10', style='normal', variant='normal', weight=400, stretch='normal', size='scalable')) = 10.05
[DEBUG][2024-01-06 22:18:53,704][matplotlib.font_manager] findfont: score(FontEntry(fname='/home/zfrancis/.local/lib/python3.8/site-packages/matplotlib/mpl-data/fonts/ttf/DejaVuSerif-BoldItalic.ttf', name='DejaVu Serif', style='italic', variant='normal', weight=700, stretch='normal', size='scalable')) = 11.335
[DEBUG][2024-01-06 22:18:53,704][matplotlib.font_manager] findfont: score(FontEntry(fname='/home/zfrancis/.local/lib/python3.8/site-packages/matplotlib/mpl-data/fonts/ttf/STIXGeneralItalic.ttf', name='STIXGeneral', style='italic', variant='normal', weight=400, stretch='normal', size='scalable')) = 11.05
[DEBUG][2024-01-06 22:18:53,704][matplotlib.font_manager] findfont: score(FontEntry(fname='/home/zfrancis/.local/lib/python3.8/site-packages/matplotlib/mpl-data/fonts/ttf/STIXGeneral.ttf', name='STIXGeneral', style='normal', variant='normal', weight=400, stretch='normal', size='scalable')) = 10.05
[DEBUG][2024-01-06 22:18:53,705][matplotlib.font_manager] findfont: score(FontEntry(fname='/home/zfrancis/.local/lib/python3.8/site-packages/matplotlib/mpl-data/fonts/ttf/STIXNonUniIta.ttf', name='STIXNonUnicode', style='italic', variant='normal', weight=400, stretch='normal', size='scalable')) = 11.05
[DEBUG][2024-01-06 22:18:53,705][matplotlib.font_manager] findfont: score(FontEntry(fname='/home/zfrancis/.local/lib/python3.8/site-packages/matplotlib/mpl-data/fonts/ttf/STIXSizFourSymBol.ttf', name='STIXSizeFourSym', style='normal', variant='normal', weight=700, stretch='normal', size='scalable')) = 10.335
[DEBUG][2024-01-06 22:18:53,705][matplotlib.font_manager] findfont: score(FontEntry(fname='/home/zfrancis/.local/lib/python3.8/site-packages/matplotlib/mpl-data/fonts/ttf/DejaVuSansDisplay.ttf', name='DejaVu Sans Display', style='normal', variant='normal', weight=400, stretch='normal', size='scalable')) = 10.05
[DEBUG][2024-01-06 22:18:53,705][matplotlib.font_manager] findfont: score(FontEntry(fname='/home/zfrancis/.local/lib/python3.8/site-packages/matplotlib/mpl-data/fonts/ttf/STIXNonUniBolIta.ttf', name='STIXNonUnicode', style='italic', variant='normal', weight=700, stretch='normal', size='scalable')) = 11.335
[DEBUG][2024-01-06 22:18:53,705][matplotlib.font_manager] findfont: score(FontEntry(fname='/home/zfrancis/.local/lib/python3.8/site-packages/matplotlib/mpl-data/fonts/ttf/STIXNonUni.ttf', name='STIXNonUnicode', style='normal', variant='normal', weight=400, stretch='normal', size='scalable')) = 10.05
[DEBUG][2024-01-06 22:18:53,706][matplotlib.font_manager] findfont: score(FontEntry(fname='/home/zfrancis/.local/lib/python3.8/site-packages/matplotlib/mpl-data/fonts/ttf/STIXSizTwoSymBol.ttf', name='STIXSizeTwoSym', style='normal', variant='normal', weight=700, stretch='normal', size='scalable')) = 10.335
[DEBUG][2024-01-06 22:18:53,706][matplotlib.font_manager] findfont: score(FontEntry(fname='/home/zfrancis/.local/lib/python3.8/site-packages/matplotlib/mpl-data/fonts/ttf/DejaVuSerif-Italic.ttf', name='DejaVu Serif', style='italic', variant='normal', weight=400, stretch='normal', size='scalable')) = 11.05
[DEBUG][2024-01-06 22:18:53,706][matplotlib.font_manager] findfont: score(FontEntry(fname='/home/zfrancis/.local/lib/python3.8/site-packages/matplotlib/mpl-data/fonts/ttf/STIXGeneralBol.ttf', name='STIXGeneral', style='normal', variant='normal', weight=700, stretch='normal', size='scalable')) = 10.335
[DEBUG][2024-01-06 22:18:53,706][matplotlib.font_manager] findfont: score(FontEntry(fname='/home/zfrancis/.local/lib/python3.8/site-packages/matplotlib/mpl-data/fonts/ttf/DejaVuSerif.ttf', name='DejaVu Serif', style='normal', variant='normal', weight=400, stretch='normal', size='scalable')) = 10.05
[DEBUG][2024-01-06 22:18:53,706][matplotlib.font_manager] findfont: score(FontEntry(fname='/home/zfrancis/.local/lib/python3.8/site-packages/matplotlib/mpl-data/fonts/ttf/STIXSizOneSymReg.ttf', name='STIXSizeOneSym', style='normal', variant='normal', weight=400, stretch='normal', size='scalable')) = 10.05
[DEBUG][2024-01-06 22:18:53,707][matplotlib.font_manager] findfont: score(FontEntry(fname='/home/zfrancis/.local/lib/python3.8/site-packages/matplotlib/mpl-data/fonts/ttf/DejaVuSansMono-Oblique.ttf', name='DejaVu Sans Mono', style='oblique', variant='normal', weight=400, stretch='normal', size='scalable')) = 11.05
[DEBUG][2024-01-06 22:18:53,707][matplotlib.font_manager] findfont: score(FontEntry(fname='/home/zfrancis/.local/lib/python3.8/site-packages/matplotlib/mpl-data/fonts/ttf/cmmi10.ttf', name='cmmi10', style='normal', variant='normal', weight=400, stretch='normal', size='scalable')) = 10.05
[DEBUG][2024-01-06 22:18:53,707][matplotlib.font_manager] findfont: score(FontEntry(fname='/home/zfrancis/.local/lib/python3.8/site-packages/matplotlib/mpl-data/fonts/ttf/STIXSizTwoSymReg.ttf', name='STIXSizeTwoSym', style='normal', variant='normal', weight=400, stretch='normal', size='scalable')) = 10.05
[DEBUG][2024-01-06 22:18:53,707][matplotlib.font_manager] findfont: score(FontEntry(fname='/home/zfrancis/.local/lib/python3.8/site-packages/matplotlib/mpl-data/fonts/ttf/cmr10.ttf', name='cmr10', style='normal', variant='normal', weight=400, stretch='normal', size='scalable')) = 10.05
[DEBUG][2024-01-06 22:18:53,708][matplotlib.font_manager] findfont: score(FontEntry(fname='/home/zfrancis/.local/lib/python3.8/site-packages/matplotlib/mpl-data/fonts/ttf/DejaVuSans.ttf', name='DejaVu Sans', style='normal', variant='normal', weight=400, stretch='normal', size='scalable')) = 0.05
[DEBUG][2024-01-06 22:18:53,708][matplotlib.font_manager] findfont: score(FontEntry(fname='/home/zfrancis/.local/lib/python3.8/site-packages/matplotlib/mpl-data/fonts/ttf/cmsy10.ttf', name='cmsy10', style='normal', variant='normal', weight=400, stretch='normal', size='scalable')) = 10.05
[DEBUG][2024-01-06 22:18:53,708][matplotlib.font_manager] findfont: score(FontEntry(fname='/home/zfrancis/.local/lib/python3.8/site-packages/matplotlib/mpl-data/fonts/ttf/DejaVuSans-BoldOblique.ttf', name='DejaVu Sans', style='oblique', variant='normal', weight=700, stretch='normal', size='scalable')) = 1.335
[DEBUG][2024-01-06 22:18:53,708][matplotlib.font_manager] findfont: score(FontEntry(fname='/home/zfrancis/.local/lib/python3.8/site-packages/matplotlib/mpl-data/fonts/ttf/DejaVuSans-Oblique.ttf', name='DejaVu Sans', style='oblique', variant='normal', weight=400, stretch='normal', size='scalable')) = 1.05
[DEBUG][2024-01-06 22:18:53,708][matplotlib.font_manager] findfont: score(FontEntry(fname='/home/zfrancis/.local/lib/python3.8/site-packages/matplotlib/mpl-data/fonts/ttf/cmtt10.ttf', name='cmtt10', style='normal', variant='normal', weight=400, stretch='normal', size='scalable')) = 10.05
[DEBUG][2024-01-06 22:18:53,709][matplotlib.font_manager] findfont: score(FontEntry(fname='/home/zfrancis/.local/lib/python3.8/site-packages/matplotlib/mpl-data/fonts/ttf/STIXSizFiveSymReg.ttf', name='STIXSizeFiveSym', style='normal', variant='normal', weight=400, stretch='normal', size='scalable')) = 10.05
[DEBUG][2024-01-06 22:18:53,709][matplotlib.font_manager] findfont: score(FontEntry(fname='/home/zfrancis/.local/lib/python3.8/site-packages/matplotlib/mpl-data/fonts/ttf/STIXSizFourSymReg.ttf', name='STIXSizeFourSym', style='normal', variant='normal', weight=400, stretch='normal', size='scalable')) = 10.05
[DEBUG][2024-01-06 22:18:53,709][matplotlib.font_manager] findfont: score(FontEntry(fname='/home/zfrancis/.local/lib/python3.8/site-packages/matplotlib/mpl-data/fonts/ttf/DejaVuSans-Bold.ttf', name='DejaVu Sans', style='normal', variant='normal', weight=700, stretch='normal', size='scalable')) = 0.33499999999999996
[DEBUG][2024-01-06 22:18:53,709][matplotlib.font_manager] findfont: score(FontEntry(fname='/home/zfrancis/.local/lib/python3.8/site-packages/matplotlib/mpl-data/fonts/ttf/STIXGeneralBolIta.ttf', name='STIXGeneral', style='italic', variant='normal', weight=700, stretch='normal', size='scalable')) = 11.335
[DEBUG][2024-01-06 22:18:53,709][matplotlib.font_manager] findfont: score(FontEntry(fname='/home/zfrancis/.local/lib/python3.8/site-packages/matplotlib/mpl-data/fonts/ttf/cmex10.ttf', name='cmex10', style='normal', variant='normal', weight=400, stretch='normal', size='scalable')) = 10.05
[DEBUG][2024-01-06 22:18:53,710][matplotlib.font_manager] findfont: score(FontEntry(fname='/home/zfrancis/.local/lib/python3.8/site-packages/matplotlib/mpl-data/fonts/ttf/STIXSizOneSymBol.ttf', name='STIXSizeOneSym', style='normal', variant='normal', weight=700, stretch='normal', size='scalable')) = 10.335
[DEBUG][2024-01-06 22:18:53,710][matplotlib.font_manager] findfont: score(FontEntry(fname='/home/zfrancis/.local/lib/python3.8/site-packages/matplotlib/mpl-data/fonts/ttf/STIXSizThreeSymReg.ttf', name='STIXSizeThreeSym', style='normal', variant='normal', weight=400, stretch='normal', size='scalable')) = 10.05
[DEBUG][2024-01-06 22:18:53,710][matplotlib.font_manager] findfont: score(FontEntry(fname='/home/zfrancis/.local/lib/python3.8/site-packages/matplotlib/mpl-data/fonts/ttf/DejaVuSerif-Bold.ttf', name='DejaVu Serif', style='normal', variant='normal', weight=700, stretch='normal', size='scalable')) = 10.335
[DEBUG][2024-01-06 22:18:53,710][matplotlib.font_manager] findfont: score(FontEntry(fname='/home/zfrancis/.local/lib/python3.8/site-packages/matplotlib/mpl-data/fonts/ttf/STIXSizThreeSymBol.ttf', name='STIXSizeThreeSym', style='normal', variant='normal', weight=700, stretch='normal', size='scalable')) = 10.335
[DEBUG][2024-01-06 22:18:53,710][matplotlib.font_manager] findfont: score(FontEntry(fname='/home/zfrancis/.local/lib/python3.8/site-packages/matplotlib/mpl-data/fonts/ttf/DejaVuSerifDisplay.ttf', name='DejaVu Serif Display', style='normal', variant='normal', weight=400, stretch='normal', size='scalable')) = 10.05
[DEBUG][2024-01-06 22:18:53,711][matplotlib.font_manager] findfont: score(FontEntry(fname='/home/zfrancis/.local/lib/python3.8/site-packages/matplotlib/mpl-data/fonts/ttf/DejaVuSansMono-BoldOblique.ttf', name='DejaVu Sans Mono', style='oblique', variant='normal', weight=700, stretch='normal', size='scalable')) = 11.335
[DEBUG][2024-01-06 22:18:53,711][matplotlib.font_manager] findfont: score(FontEntry(fname='/home/zfrancis/.local/lib/python3.8/site-packages/matplotlib/mpl-data/fonts/ttf/DejaVuSansMono.ttf', name='DejaVu Sans Mono', style='normal', variant='normal', weight=400, stretch='normal', size='scalable')) = 10.05
[DEBUG][2024-01-06 22:18:53,711][matplotlib.font_manager] findfont: score(FontEntry(fname='/home/zfrancis/.local/lib/python3.8/site-packages/matplotlib/mpl-data/fonts/ttf/STIXNonUniBol.ttf', name='STIXNonUnicode', style='normal', variant='normal', weight=700, stretch='normal', size='scalable')) = 10.335
[DEBUG][2024-01-06 22:18:53,711][matplotlib.font_manager] findfont: score(FontEntry(fname='/home/zfrancis/.local/lib/python3.8/site-packages/matplotlib/mpl-data/fonts/ttf/DejaVuSansMono-Bold.ttf', name='DejaVu Sans Mono', style='normal', variant='normal', weight=700, stretch='normal', size='scalable')) = 10.335
[DEBUG][2024-01-06 22:18:53,712][matplotlib.font_manager] findfont: score(FontEntry(fname='/home/zfrancis/.local/lib/python3.8/site-packages/matplotlib/mpl-data/fonts/ttf/cmss10.ttf', name='cmss10', style='normal', variant='normal', weight=400, stretch='normal', size='scalable')) = 10.05
[DEBUG][2024-01-06 22:18:53,712][matplotlib.font_manager] findfont: score(FontEntry(fname='/usr/share/fonts/truetype/dejavu/DejaVuSans.ttf', name='DejaVu Sans', style='normal', variant='normal', weight=400, stretch='normal', size='scalable')) = 0.05
[DEBUG][2024-01-06 22:18:53,712][matplotlib.font_manager] findfont: score(FontEntry(fname='/usr/share/fonts/truetype/dejavu/DejaVuSerif-Bold.ttf', name='DejaVu Serif', style='normal', variant='normal', weight=700, stretch='normal', size='scalable')) = 10.335
[DEBUG][2024-01-06 22:18:53,712][matplotlib.font_manager] findfont: score(FontEntry(fname='/usr/share/fonts/truetype/dejavu/DejaVuSansMono.ttf', name='DejaVu Sans Mono', style='normal', variant='normal', weight=400, stretch='normal', size='scalable')) = 10.05
[DEBUG][2024-01-06 22:18:53,713][matplotlib.font_manager] findfont: score(FontEntry(fname='/usr/share/fonts/truetype/dejavu/DejaVuSerif.ttf', name='DejaVu Serif', style='normal', variant='normal', weight=400, stretch='normal', size='scalable')) = 10.05
[DEBUG][2024-01-06 22:18:53,713][matplotlib.font_manager] findfont: score(FontEntry(fname='/usr/share/fonts/truetype/dejavu/DejaVuSans-Bold.ttf', name='DejaVu Sans', style='normal', variant='normal', weight=700, stretch='normal', size='scalable')) = 0.33499999999999996
[DEBUG][2024-01-06 22:18:53,713][matplotlib.font_manager] findfont: score(FontEntry(fname='/usr/share/fonts/truetype/dejavu/DejaVuSansMono-Bold.ttf', name='DejaVu Sans Mono', style='normal', variant='normal', weight=700, stretch='normal', size='scalable')) = 10.335
[DEBUG][2024-01-06 22:18:53,713][matplotlib.font_manager] findfont: Matching sans\-serif:style=normal:variant=normal:weight=normal:stretch=normal:size=12.0 to DejaVu Sans ('/home/zfrancis/.local/lib/python3.8/site-packages/matplotlib/mpl-data/fonts/ttf/DejaVuSans.ttf') with score of 0.050000.
